[1.264s] Invoking command in '/home/som3a-station/prjs/agribot/src/agribotv3': DEBUGINFOD_URLS=https://debuginfod.ubuntu.com PYTHONPATH=/home/som3a-station/prjs/agribot/build/agribotv3/prefix_override:/usr/lib/python3/dist-packages/colcon_core/task/python/colcon_distutils_commands:/home/som3a-station/prjs/agribot/install/agribotv3/lib/python3.12/site-packages:${PYTHONPATH} /usr/bin/python3 -W ignore:setup.py install is deprecated -W ignore:easy_install command is deprecated setup.py egg_info --egg-base ../../build/agribotv3 build --build-base /home/som3a-station/prjs/agribot/build/agribotv3/build install --record /home/som3a-station/prjs/agribot/build/agribotv3/install.log --single-version-externally-managed install_data
[1.640s] running egg_info
[1.668s] writing ../../build/agribotv3/agribotv3.egg-info/PKG-INFO
[1.668s] writing dependency_links to ../../build/agribotv3/agribotv3.egg-info/dependency_links.txt
[1.668s] writing entry points to ../../build/agribotv3/agribotv3.egg-info/entry_points.txt
[1.669s] writing requirements to ../../build/agribotv3/agribotv3.egg-info/requires.txt
[1.669s] writing top-level names to ../../build/agribotv3/agribotv3.egg-info/top_level.txt
[1.731s] reading manifest file '../../build/agribotv3/agribotv3.egg-info/SOURCES.txt'
[1.733s] writing manifest file '../../build/agribotv3/agribotv3.egg-info/SOURCES.txt'
[1.733s] running build
[1.734s] running build_py
[1.734s] copying agribotv3/ground_truth_odom.py -> /home/som3a-station/prjs/agribot/build/agribotv3/build/lib/agribotv3
[1.735s] running install
[1.742s] running install_lib
[1.771s] copying /home/som3a-station/prjs/agribot/build/agribotv3/build/lib/agribotv3/ground_truth_odom.py -> /home/som3a-station/prjs/agribot/install/agribotv3/lib/python3.12/site-packages/agribotv3
[1.772s] byte-compiling /home/som3a-station/prjs/agribot/install/agribotv3/lib/python3.12/site-packages/agribotv3/ground_truth_odom.py to ground_truth_odom.cpython-312.pyc
[1.774s] running install_data
[1.774s] copying launch/sim.launch.py -> /home/som3a-station/prjs/agribot/install/agribotv3/share/agribotv3/launch
[1.774s] copying config/ekf.yaml -> /home/som3a-station/prjs/agribot/install/agribotv3/share/agribotv3/config
[1.775s] copying urdf/THEBOT/gazebo_control.xacro -> /home/som3a-station/prjs/agribot/install/agribotv3/share/agribotv3/urdf/THEBOT
[1.776s] running install_egg_info
[1.806s] removing '/home/som3a-station/prjs/agribot/install/agribotv3/lib/python3.12/site-packages/agribotv3-3.0.0-py3.12.egg-info' (and everything under it)
[1.807s] Copying ../../build/agribotv3/agribotv3.egg-info to /home/som3a-station/prjs/agribot/install/agribotv3/lib/python3.12/site-packages/agribotv3-3.0.0-py3.12.egg-info
[1.808s] running install_scripts
[2.032s] Installing csv_costmap_node script to /home/som3a-station/prjs/agribot/install/agribotv3/lib/agribotv3
[2.033s] Installing ground_truth_odom script to /home/som3a-station/prjs/agribot/install/agribotv3/lib/agribotv3
[2.033s] Installing gui script to /home/som3a-station/prjs/agribot/install/agribotv3/lib/agribotv3
[2.033s] Installing static_map_tf script to /home/som3a-station/prjs/agribot/install/agribotv3/lib/agribotv3
[2.033s] Installing teleop script to /home/som3a-station/prjs/agribot/install/agribotv3/lib/agribotv3
[2.033s] Installing ultrasonic_converter script to /home/som3a-station/prjs/agribot/install/agribotv3/lib/agribotv3
[2.033s] Installing vision_node script to /home/som3a-station/prjs/agribot/install/agribotv3/lib/agribotv3
[2.034s] writing list of installed files to '/home/som3a-station/prjs/agribot/build/agribotv3/install.log'
[2.075s] Invoked command in '/home/som3a-station/prjs/agribot/src/agribotv3' returned '0': DEBUGINFOD_URLS=https://debuginfod.ubuntu.com PYTHONPATH=/home/som3a-station/prjs/agribot/build/agribotv3/prefix_override:/usr/lib/python3/dist-packages/colcon_core/task/python/colcon_distutils_commands:/home/som3a-station/prjs/agribot/install/agribotv3/lib/python3.12/site-packages:${PYTHONPATH} /usr/bin/python3 -W ignore:setup.py install is deprecated -W ignore:easy_install command is deprecated setup.py egg_info --egg-base ../../build/agribotv3 build --build-base /home/som3a-station/prjs/agribot/build/agribotv3/build install --record /home/som3a-station/prjs/agribot/build/agribotv3/install.log --single-version-externally-managed install_data
