/home/som3a-station/prjs/agribot/install/agribotv3/lib/python3.12/site-packages/agribotv3/__init__.py
/home/som3a-station/prjs/agribot/install/agribotv3/lib/python3.12/site-packages/agribotv3/vision_node.py
/home/som3a-station/prjs/agribot/install/agribotv3/lib/python3.12/site-packages/agribotv3/ground_truth_odom.py
/home/som3a-station/prjs/agribot/install/agribotv3/lib/python3.12/site-packages/agribotv3/ultrasonic_converter.py
/home/som3a-station/prjs/agribot/install/agribotv3/lib/python3.12/site-packages/agribotv3/csv_costmap_node.py
/home/som3a-station/prjs/agribot/install/agribotv3/lib/python3.12/site-packages/agribotv3/static_map_tf.py
/home/som3a-station/prjs/agribot/install/agribotv3/lib/python3.12/site-packages/agribotv3/teleop.py
/home/som3a-station/prjs/agribot/install/agribotv3/lib/python3.12/site-packages/agribotv3/gui/__init__.py
/home/som3a-station/prjs/agribot/install/agribotv3/lib/python3.12/site-packages/agribotv3/gui/config.py
/home/som3a-station/prjs/agribot/install/agribotv3/lib/python3.12/site-packages/agribotv3/gui/database.py
/home/som3a-station/prjs/agribot/install/agribotv3/lib/python3.12/site-packages/agribotv3/gui/app.py
/home/som3a-station/prjs/agribot/install/agribotv3/lib/python3.12/site-packages/agribotv3/gui/controller.py
/home/som3a-station/prjs/agribot/install/agribotv3/lib/python3.12/site-packages/agribotv3/__pycache__/__init__.cpython-312.pyc
/home/som3a-station/prjs/agribot/install/agribotv3/lib/python3.12/site-packages/agribotv3/__pycache__/vision_node.cpython-312.pyc
/home/som3a-station/prjs/agribot/install/agribotv3/lib/python3.12/site-packages/agribotv3/__pycache__/ground_truth_odom.cpython-312.pyc
/home/som3a-station/prjs/agribot/install/agribotv3/lib/python3.12/site-packages/agribotv3/__pycache__/ultrasonic_converter.cpython-312.pyc
/home/som3a-station/prjs/agribot/install/agribotv3/lib/python3.12/site-packages/agribotv3/__pycache__/csv_costmap_node.cpython-312.pyc
/home/som3a-station/prjs/agribot/install/agribotv3/lib/python3.12/site-packages/agribotv3/__pycache__/static_map_tf.cpython-312.pyc
/home/som3a-station/prjs/agribot/install/agribotv3/lib/python3.12/site-packages/agribotv3/__pycache__/teleop.cpython-312.pyc
/home/som3a-station/prjs/agribot/install/agribotv3/lib/python3.12/site-packages/agribotv3/gui/__pycache__/__init__.cpython-312.pyc
/home/som3a-station/prjs/agribot/install/agribotv3/lib/python3.12/site-packages/agribotv3/gui/__pycache__/config.cpython-312.pyc
/home/som3a-station/prjs/agribot/install/agribotv3/lib/python3.12/site-packages/agribotv3/gui/__pycache__/database.cpython-312.pyc
/home/som3a-station/prjs/agribot/install/agribotv3/lib/python3.12/site-packages/agribotv3/gui/__pycache__/app.cpython-312.pyc
/home/som3a-station/prjs/agribot/install/agribotv3/lib/python3.12/site-packages/agribotv3/gui/__pycache__/controller.cpython-312.pyc
/home/som3a-station/prjs/agribot/install/agribotv3/share/ament_index/resource_index/packages/agribotv3
/home/som3a-station/prjs/agribot/install/agribotv3/share/agribotv3/package.xml
/home/som3a-station/prjs/agribot/install/agribotv3/share/agribotv3/launch/full.launch.py
/home/som3a-station/prjs/agribot/install/agribotv3/share/agribotv3/launch/nav.launch.py
/home/som3a-station/prjs/agribot/install/agribotv3/share/agribotv3/launch/sim.launch.py
/home/som3a-station/prjs/agribot/install/agribotv3/share/agribotv3/config/nav2_params.yaml
/home/som3a-station/prjs/agribot/install/agribotv3/share/agribotv3/config/ekf.yaml
/home/som3a-station/prjs/agribot/install/agribotv3/share/agribotv3/config/rviz/basic_rvizconfig.rviz
/home/som3a-station/prjs/agribot/install/agribotv3/share/agribotv3/data/grid_cells.csv
/home/som3a-station/prjs/agribot/install/agribotv3/share/agribotv3/data/soil_scans.csv
/home/som3a-station/prjs/agribot/install/agribotv3/share/agribotv3/data/seeds.csv
/home/som3a-station/prjs/agribot/install/agribotv3/share/agribotv3/urdf/AgribotURDF7_withsensors.urdf
/home/som3a-station/prjs/agribot/install/agribotv3/share/agribotv3/urdf/THEBOT/base.xacro
/home/som3a-station/prjs/agribot/install/agribotv3/share/agribotv3/urdf/THEBOT/robot.xacro
/home/som3a-station/prjs/agribot/install/agribotv3/share/agribotv3/urdf/THEBOT/sensors.xacro
/home/som3a-station/prjs/agribot/install/agribotv3/share/agribotv3/urdf/THEBOT/wheels.xacro
/home/som3a-station/prjs/agribot/install/agribotv3/share/agribotv3/urdf/THEBOT/gazebo_control.xacro
/home/som3a-station/prjs/agribot/install/agribotv3/share/agribotv3/meshes/Camera.STL
/home/som3a-station/prjs/agribot/install/agribotv3/share/agribotv3/meshes/base_link.STL
/home/som3a-station/prjs/agribot/install/agribotv3/share/agribotv3/meshes/Wheel2.STL
/home/som3a-station/prjs/agribot/install/agribotv3/share/agribotv3/meshes/US4.STL
/home/som3a-station/prjs/agribot/install/agribotv3/share/agribotv3/meshes/Wheel3.STL
/home/som3a-station/prjs/agribot/install/agribotv3/share/agribotv3/meshes/US1.STL
/home/som3a-station/prjs/agribot/install/agribotv3/share/agribotv3/meshes/US2.STL
/home/som3a-station/prjs/agribot/install/agribotv3/share/agribotv3/meshes/Seeder.STL
/home/som3a-station/prjs/agribot/install/agribotv3/share/agribotv3/meshes/Wheel1.STL
/home/som3a-station/prjs/agribot/install/agribotv3/share/agribotv3/meshes/Wheel4.STL
/home/som3a-station/prjs/agribot/install/agribotv3/share/agribotv3/meshes/US3.STL
/home/som3a-station/prjs/agribot/install/agribotv3/share/agribotv3/worlds/orchard.sdf
/home/som3a-station/prjs/agribot/install/agribotv3/share/agribotv3/worlds/farmWith1CropRow.sdf
/home/som3a-station/prjs/agribot/install/agribotv3/share/agribotv3/worlds/real.sdf
/home/som3a-station/prjs/agribot/install/agribotv3/share/agribotv3/worlds/farm_textured.sdf
/home/som3a-station/prjs/agribot/install/agribotv3/share/agribotv3/worlds/real_copy.sdf
/home/som3a-station/prjs/agribot/install/agribotv3/share/agribotv3/worlds/emptysurroundedWithBoxes.sdf
/home/som3a-station/prjs/agribot/install/agribotv3/share/agribotv3/worlds/real copy.sdf
/home/som3a-station/prjs/agribot/install/agribotv3/share/agribotv3/models/big_plant/model.sdf
/home/som3a-station/prjs/agribot/install/agribotv3/share/agribotv3/models/big_plant/model.config
/home/som3a-station/prjs/agribot/install/agribotv3/share/agribotv3/models/big_plant/mesh/big_plant.stl
/home/som3a-station/prjs/agribot/install/agribotv3/share/agribotv3/models/small_plant/model.sdf
/home/som3a-station/prjs/agribot/install/agribotv3/share/agribotv3/models/small_plant/model.config
/home/som3a-station/prjs/agribot/install/agribotv3/share/agribotv3/models/small_plant/mesh/small_plant.stl
/home/som3a-station/prjs/agribot/install/agribotv3/share/agribotv3/models/sand_ground/model.config
/home/som3a-station/prjs/agribot/install/agribotv3/share/agribotv3/models/sand_ground/textures/sand.jpeg
/home/som3a-station/prjs/agribot/install/agribotv3/share/agribotv3/models/sand_ground/scripts/sand.material
/home/som3a-station/prjs/agribot/install/agribotv3/lib/python3.12/site-packages/agribotv3-3.0.0-py3.12.egg-info/entry_points.txt
/home/som3a-station/prjs/agribot/install/agribotv3/lib/python3.12/site-packages/agribotv3-3.0.0-py3.12.egg-info/dependency_links.txt
/home/som3a-station/prjs/agribot/install/agribotv3/lib/python3.12/site-packages/agribotv3-3.0.0-py3.12.egg-info/PKG-INFO
/home/som3a-station/prjs/agribot/install/agribotv3/lib/python3.12/site-packages/agribotv3-3.0.0-py3.12.egg-info/SOURCES.txt
/home/som3a-station/prjs/agribot/install/agribotv3/lib/python3.12/site-packages/agribotv3-3.0.0-py3.12.egg-info/zip-safe
/home/som3a-station/prjs/agribot/install/agribotv3/lib/python3.12/site-packages/agribotv3-3.0.0-py3.12.egg-info/requires.txt
/home/som3a-station/prjs/agribot/install/agribotv3/lib/python3.12/site-packages/agribotv3-3.0.0-py3.12.egg-info/top_level.txt
/home/som3a-station/prjs/agribot/install/agribotv3/lib/agribotv3/csv_costmap_node
/home/som3a-station/prjs/agribot/install/agribotv3/lib/agribotv3/ground_truth_odom
/home/som3a-station/prjs/agribot/install/agribotv3/lib/agribotv3/gui
/home/som3a-station/prjs/agribot/install/agribotv3/lib/agribotv3/static_map_tf
/home/som3a-station/prjs/agribot/install/agribotv3/lib/agribotv3/teleop
/home/som3a-station/prjs/agribot/install/agribotv3/lib/agribotv3/ultrasonic_converter
/home/som3a-station/prjs/agribot/install/agribotv3/lib/agribotv3/vision_node
