[0.159s] DEBUG:colcon:Command line arguments: ['/usr/bin/colcon', 'build', '--symlink-install']
[0.159s] DEBUG:colcon:Parsed command line arguments: Namespace(log_base=None, log_level=None, verb_name='build', build_base='build', install_base='install', merge_install=False, symlink_install=True, test_result_base=None, continue_on_error=False, executor='parallel', parallel_workers=8, event_handlers=None, ignore_user_meta=False, metas=['./colcon.meta'], base_paths=['.'], packages_ignore=None, packages_ignore_regex=None, paths=None, packages_up_to=None, packages_up_to_regex=None, packages_above=None, packages_above_and_dependencies=None, packages_above_depth=None, packages_select_by_dep=None, packages_skip_by_dep=None, packages_skip_up_to=None, packages_select_build_failed=False, packages_skip_build_finished=False, packages_select_test_failures=False, packages_skip_test_passed=False, packages_select=None, packages_skip=None, packages_select_regex=None, packages_skip_regex=None, packages_start=None, packages_end=None, allow_overriding=[], cmake_args=None, cmake_target=None, cmake_target_skip_unavailable=False, cmake_clean_cache=False, cmake_clean_first=False, cmake_force_configure=False, ament_cmake_args=None, catkin_cmake_args=None, catkin_skip_building_tests=False, mixin_files=None, mixin=None, verb_parser=<colcon_mixin.mixin.mixin_argument.MixinArgumentDecorator object at 0x7291130b25d0>, verb_extension=<colcon_core.verb.build.BuildVerb object at 0x7291130b2390>, main=<bound method BuildVerb.main of <colcon_core.verb.build.BuildVerb object at 0x7291130b2390>>, mixin_verb=('build',))
[0.199s] Level 1:colcon.colcon_core.package_discovery:discover_packages(colcon_meta) check parameters
[0.200s] Level 1:colcon.colcon_core.package_discovery:discover_packages(recursive) check parameters
[0.200s] Level 1:colcon.colcon_core.package_discovery:discover_packages(ignore) check parameters
[0.200s] Level 1:colcon.colcon_core.package_discovery:discover_packages(path) check parameters
[0.200s] Level 1:colcon.colcon_core.package_discovery:discover_packages(colcon_meta) discover
[0.200s] Level 1:colcon.colcon_core.package_discovery:discover_packages(recursive) discover
[0.200s] INFO:colcon.colcon_core.package_discovery:Crawling recursively for packages in '/home/som3a-station/prjs/agribot'
[0.200s] Level 1:colcon.colcon_core.package_identification:_identify(.) by extensions ['ignore', 'ignore_ament_install']
[0.200s] Level 1:colcon.colcon_core.package_identification:_identify(.) by extension 'ignore'
[0.200s] Level 1:colcon.colcon_core.package_identification:_identify(.) by extension 'ignore_ament_install'
[0.201s] Level 1:colcon.colcon_core.package_identification:_identify(.) by extensions ['colcon_pkg']
[0.201s] Level 1:colcon.colcon_core.package_identification:_identify(.) by extension 'colcon_pkg'
[0.201s] Level 1:colcon.colcon_core.package_identification:_identify(.) by extensions ['colcon_meta']
[0.201s] Level 1:colcon.colcon_core.package_identification:_identify(.) by extension 'colcon_meta'
[0.201s] Level 1:colcon.colcon_core.package_identification:_identify(.) by extensions ['ros']
[0.201s] Level 1:colcon.colcon_core.package_identification:_identify(.) by extension 'ros'
[0.227s] Level 1:colcon.colcon_core.package_identification:_identify(.) by extensions ['cmake', 'python']
[0.227s] Level 1:colcon.colcon_core.package_identification:_identify(.) by extension 'cmake'
[0.227s] Level 1:colcon.colcon_core.package_identification:_identify(.) by extension 'python'
[0.227s] Level 1:colcon.colcon_core.package_identification:_identify(.) by extensions ['python_setup_py']
[0.227s] Level 1:colcon.colcon_core.package_identification:_identify(.) by extension 'python_setup_py'
[0.228s] Level 1:colcon.colcon_core.package_identification:_identify(build) by extensions ['ignore', 'ignore_ament_install']
[0.228s] Level 1:colcon.colcon_core.package_identification:_identify(build) by extension 'ignore'
[0.228s] Level 1:colcon.colcon_core.package_identification:_identify(build) ignored
[0.228s] Level 1:colcon.colcon_core.package_identification:_identify(install) by extensions ['ignore', 'ignore_ament_install']
[0.228s] Level 1:colcon.colcon_core.package_identification:_identify(install) by extension 'ignore'
[0.228s] Level 1:colcon.colcon_core.package_identification:_identify(install) ignored
[0.229s] Level 1:colcon.colcon_core.package_identification:_identify(log) by extensions ['ignore', 'ignore_ament_install']
[0.229s] Level 1:colcon.colcon_core.package_identification:_identify(log) by extension 'ignore'
[0.229s] Level 1:colcon.colcon_core.package_identification:_identify(log) ignored
[0.229s] Level 1:colcon.colcon_core.package_identification:_identify(src) by extensions ['ignore', 'ignore_ament_install']
[0.229s] Level 1:colcon.colcon_core.package_identification:_identify(src) by extension 'ignore'
[0.229s] Level 1:colcon.colcon_core.package_identification:_identify(src) by extension 'ignore_ament_install'
[0.229s] Level 1:colcon.colcon_core.package_identification:_identify(src) by extensions ['colcon_pkg']
[0.229s] Level 1:colcon.colcon_core.package_identification:_identify(src) by extension 'colcon_pkg'
[0.229s] Level 1:colcon.colcon_core.package_identification:_identify(src) by extensions ['colcon_meta']
[0.229s] Level 1:colcon.colcon_core.package_identification:_identify(src) by extension 'colcon_meta'
[0.230s] Level 1:colcon.colcon_core.package_identification:_identify(src) by extensions ['ros']
[0.230s] Level 1:colcon.colcon_core.package_identification:_identify(src) by extension 'ros'
[0.230s] Level 1:colcon.colcon_core.package_identification:_identify(src) by extensions ['cmake', 'python']
[0.230s] Level 1:colcon.colcon_core.package_identification:_identify(src) by extension 'cmake'
[0.230s] Level 1:colcon.colcon_core.package_identification:_identify(src) by extension 'python'
[0.230s] Level 1:colcon.colcon_core.package_identification:_identify(src) by extensions ['python_setup_py']
[0.230s] Level 1:colcon.colcon_core.package_identification:_identify(src) by extension 'python_setup_py'
[0.230s] Level 1:colcon.colcon_core.package_identification:_identify(src/agribotv2) by extensions ['ignore', 'ignore_ament_install']
[0.230s] Level 1:colcon.colcon_core.package_identification:_identify(src/agribotv2) by extension 'ignore'
[0.230s] Level 1:colcon.colcon_core.package_identification:_identify(src/agribotv2) by extension 'ignore_ament_install'
[0.230s] Level 1:colcon.colcon_core.package_identification:_identify(src/agribotv2) by extensions ['colcon_pkg']
[0.231s] Level 1:colcon.colcon_core.package_identification:_identify(src/agribotv2) by extension 'colcon_pkg'
[0.231s] Level 1:colcon.colcon_core.package_identification:_identify(src/agribotv2) by extensions ['colcon_meta']
[0.231s] Level 1:colcon.colcon_core.package_identification:_identify(src/agribotv2) by extension 'colcon_meta'
[0.231s] Level 1:colcon.colcon_core.package_identification:_identify(src/agribotv2) by extensions ['ros']
[0.231s] Level 1:colcon.colcon_core.package_identification:_identify(src/agribotv2) by extension 'ros'
[0.236s] DEBUG:colcon.colcon_core.package_identification:Package 'src/agribotv2' with type 'ros.ament_python' and name 'agribotv2'
[0.236s] Level 1:colcon.colcon_core.package_identification:_identify(src/agribotv3) by extensions ['ignore', 'ignore_ament_install']
[0.236s] Level 1:colcon.colcon_core.package_identification:_identify(src/agribotv3) by extension 'ignore'
[0.236s] Level 1:colcon.colcon_core.package_identification:_identify(src/agribotv3) by extension 'ignore_ament_install'
[0.236s] Level 1:colcon.colcon_core.package_identification:_identify(src/agribotv3) by extensions ['colcon_pkg']
[0.236s] Level 1:colcon.colcon_core.package_identification:_identify(src/agribotv3) by extension 'colcon_pkg'
[0.237s] Level 1:colcon.colcon_core.package_identification:_identify(src/agribotv3) by extensions ['colcon_meta']
[0.237s] Level 1:colcon.colcon_core.package_identification:_identify(src/agribotv3) by extension 'colcon_meta'
[0.237s] Level 1:colcon.colcon_core.package_identification:_identify(src/agribotv3) by extensions ['ros']
[0.237s] Level 1:colcon.colcon_core.package_identification:_identify(src/agribotv3) by extension 'ros'
[0.238s] DEBUG:colcon.colcon_core.package_identification:Package 'src/agribotv3' with type 'ros.ament_python' and name 'agribotv3'
[0.238s] Level 1:colcon.colcon_core.package_discovery:discover_packages(recursive) using defaults
[0.238s] Level 1:colcon.colcon_core.package_discovery:discover_packages(ignore) discover
[0.238s] Level 1:colcon.colcon_core.package_discovery:discover_packages(ignore) using defaults
[0.238s] Level 1:colcon.colcon_core.package_discovery:discover_packages(path) discover
[0.238s] Level 1:colcon.colcon_core.package_discovery:discover_packages(path) using defaults
[0.257s] Level 1:colcon.colcon_core.package_discovery:discover_packages(prefix_path) check parameters
[0.257s] Level 1:colcon.colcon_core.package_discovery:discover_packages(prefix_path) discover
[0.259s] DEBUG:colcon.colcon_installed_package_information.package_discovery:Found 2 installed packages in /home/som3a-station/prjs/agribot/install
[0.262s] DEBUG:colcon.colcon_installed_package_information.package_discovery:Found 458 installed packages in /opt/ros/jazzy
[0.263s] Level 1:colcon.colcon_core.package_discovery:discover_packages(prefix_path) using defaults
[0.329s] Level 5:colcon.colcon_core.verb:set package 'agribotv2' build argument 'cmake_args' from command line to 'None'
[0.329s] Level 5:colcon.colcon_core.verb:set package 'agribotv2' build argument 'cmake_target' from command line to 'None'
[0.329s] Level 5:colcon.colcon_core.verb:set package 'agribotv2' build argument 'cmake_target_skip_unavailable' from command line to 'False'
[0.329s] Level 5:colcon.colcon_core.verb:set package 'agribotv2' build argument 'cmake_clean_cache' from command line to 'False'
[0.330s] Level 5:colcon.colcon_core.verb:set package 'agribotv2' build argument 'cmake_clean_first' from command line to 'False'
[0.330s] Level 5:colcon.colcon_core.verb:set package 'agribotv2' build argument 'cmake_force_configure' from command line to 'False'
[0.330s] Level 5:colcon.colcon_core.verb:set package 'agribotv2' build argument 'ament_cmake_args' from command line to 'None'
[0.330s] Level 5:colcon.colcon_core.verb:set package 'agribotv2' build argument 'catkin_cmake_args' from command line to 'None'
[0.330s] Level 5:colcon.colcon_core.verb:set package 'agribotv2' build argument 'catkin_skip_building_tests' from command line to 'False'
[0.330s] DEBUG:colcon.colcon_core.verb:Building package 'agribotv2' with the following arguments: {'ament_cmake_args': None, 'build_base': '/home/som3a-station/prjs/agribot/build/agribotv2', 'catkin_cmake_args': None, 'catkin_skip_building_tests': False, 'cmake_args': None, 'cmake_clean_cache': False, 'cmake_clean_first': False, 'cmake_force_configure': False, 'cmake_target': None, 'cmake_target_skip_unavailable': False, 'install_base': '/home/som3a-station/prjs/agribot/install/agribotv2', 'merge_install': False, 'path': '/home/som3a-station/prjs/agribot/src/agribotv2', 'symlink_install': True, 'test_result_base': None}
[0.330s] Level 5:colcon.colcon_core.verb:set package 'agribotv3' build argument 'cmake_args' from command line to 'None'
[0.330s] Level 5:colcon.colcon_core.verb:set package 'agribotv3' build argument 'cmake_target' from command line to 'None'
[0.330s] Level 5:colcon.colcon_core.verb:set package 'agribotv3' build argument 'cmake_target_skip_unavailable' from command line to 'False'
[0.330s] Level 5:colcon.colcon_core.verb:set package 'agribotv3' build argument 'cmake_clean_cache' from command line to 'False'
[0.330s] Level 5:colcon.colcon_core.verb:set package 'agribotv3' build argument 'cmake_clean_first' from command line to 'False'
[0.330s] Level 5:colcon.colcon_core.verb:set package 'agribotv3' build argument 'cmake_force_configure' from command line to 'False'
[0.330s] Level 5:colcon.colcon_core.verb:set package 'agribotv3' build argument 'ament_cmake_args' from command line to 'None'
[0.330s] Level 5:colcon.colcon_core.verb:set package 'agribotv3' build argument 'catkin_cmake_args' from command line to 'None'
[0.330s] Level 5:colcon.colcon_core.verb:set package 'agribotv3' build argument 'catkin_skip_building_tests' from command line to 'False'
[0.330s] DEBUG:colcon.colcon_core.verb:Building package 'agribotv3' with the following arguments: {'ament_cmake_args': None, 'build_base': '/home/som3a-station/prjs/agribot/build/agribotv3', 'catkin_cmake_args': None, 'catkin_skip_building_tests': False, 'cmake_args': None, 'cmake_clean_cache': False, 'cmake_clean_first': False, 'cmake_force_configure': False, 'cmake_target': None, 'cmake_target_skip_unavailable': False, 'install_base': '/home/som3a-station/prjs/agribot/install/agribotv3', 'merge_install': False, 'path': '/home/som3a-station/prjs/agribot/src/agribotv3', 'symlink_install': True, 'test_result_base': None}
[0.330s] INFO:colcon.colcon_core.executor:Executing jobs using 'parallel' executor
[0.332s] DEBUG:colcon.colcon_parallel_executor.executor.parallel:run_until_complete
[0.332s] INFO:colcon.colcon_ros.task.ament_python.build:Building ROS package in '/home/som3a-station/prjs/agribot/src/agribotv2' with build type 'ament_python'
[0.332s] Level 1:colcon.colcon_core.shell:create_environment_hook('agribotv2', 'ament_prefix_path')
[0.335s] INFO:colcon.colcon_core.plugin_system:Skipping extension 'colcon_core.shell.bat': Not used on non-Windows systems
[0.335s] INFO:colcon.colcon_core.shell:Creating environment hook '/home/som3a-station/prjs/agribot/install/agribotv2/share/agribotv2/hook/ament_prefix_path.ps1'
[0.336s] INFO:colcon.colcon_core.shell:Creating environment descriptor '/home/som3a-station/prjs/agribot/install/agribotv2/share/agribotv2/hook/ament_prefix_path.dsv'
[0.336s] INFO:colcon.colcon_core.shell:Creating environment hook '/home/som3a-station/prjs/agribot/install/agribotv2/share/agribotv2/hook/ament_prefix_path.sh'
[0.337s] INFO:colcon.colcon_core.shell:Skip shell extension 'powershell' for command environment: Not usable outside of PowerShell
[0.337s] DEBUG:colcon.colcon_core.shell:Skip shell extension 'dsv' for command environment
[0.342s] INFO:colcon.colcon_ros.task.ament_python.build:Building ROS package in '/home/som3a-station/prjs/agribot/src/agribotv3' with build type 'ament_python'
[0.343s] Level 1:colcon.colcon_core.shell:create_environment_hook('agribotv3', 'ament_prefix_path')
[0.343s] INFO:colcon.colcon_core.shell:Creating environment hook '/home/som3a-station/prjs/agribot/install/agribotv3/share/agribotv3/hook/ament_prefix_path.ps1'
[0.344s] INFO:colcon.colcon_core.shell:Creating environment descriptor '/home/som3a-station/prjs/agribot/install/agribotv3/share/agribotv3/hook/ament_prefix_path.dsv'
[0.344s] INFO:colcon.colcon_core.shell:Creating environment hook '/home/som3a-station/prjs/agribot/install/agribotv3/share/agribotv3/hook/ament_prefix_path.sh'
[0.345s] INFO:colcon.colcon_core.shell:Skip shell extension 'powershell' for command environment: Not usable outside of PowerShell
[0.345s] DEBUG:colcon.colcon_core.shell:Skip shell extension 'dsv' for command environment
[0.721s] INFO:colcon.colcon_core.task.python.build:Building Python package in '/home/som3a-station/prjs/agribot/src/agribotv2'
[0.722s] INFO:colcon.colcon_core.shell:Skip shell extension 'powershell' for command environment: Not usable outside of PowerShell
[0.722s] DEBUG:colcon.colcon_core.shell:Skip shell extension 'dsv' for command environment
[1.019s] INFO:colcon.colcon_core.task.python.build:Building Python package in '/home/som3a-station/prjs/agribot/src/agribotv3'
[1.019s] INFO:colcon.colcon_core.shell:Skip shell extension 'powershell' for command environment: Not usable outside of PowerShell
[1.019s] DEBUG:colcon.colcon_core.shell:Skip shell extension 'dsv' for command environment
[1.967s] DEBUG:colcon.colcon_core.event_handler.log_command:Invoking command in '/home/som3a-station/prjs/agribot/build/agribotv3': DEBUGINFOD_URLS=https://debuginfod.ubuntu.com PYTHONPATH=/home/som3a-station/prjs/agribot/build/agribotv3/prefix_override:/usr/lib/python3/dist-packages/colcon_core/task/python/colcon_distutils_commands:/home/som3a-station/prjs/agribot/install/agribotv3/lib/python3.12/site-packages:${PYTHONPATH} VIRTUAL_ENV_PROMPT=(.venv) /usr/bin/python3 -W ignore:setup.py install is deprecated -W ignore:easy_install command is deprecated setup.py develop --editable --build-directory /home/som3a-station/prjs/agribot/build/agribotv3/build --no-deps symlink_data
[1.978s] DEBUG:colcon.colcon_core.event_handler.log_command:Invoking command in '/home/som3a-station/prjs/agribot/build/agribotv2': DEBUGINFOD_URLS=https://debuginfod.ubuntu.com PYTHONPATH=/home/som3a-station/prjs/agribot/build/agribotv2/prefix_override:/usr/lib/python3/dist-packages/colcon_core/task/python/colcon_distutils_commands:/home/som3a-station/prjs/agribot/install/agribotv2/lib/python3.12/site-packages:${PYTHONPATH} VIRTUAL_ENV_PROMPT=(.venv) /usr/bin/python3 -W ignore:setup.py install is deprecated -W ignore:easy_install command is deprecated setup.py develop --editable --build-directory /home/som3a-station/prjs/agribot/build/agribotv2/build --no-deps symlink_data
[3.003s] Level 1:colcon.colcon_core.shell:create_environment_hook('agribotv3', 'pythonpath_develop')
[3.003s] INFO:colcon.colcon_core.shell:Creating environment hook '/home/som3a-station/prjs/agribot/build/agribotv3/share/agribotv3/hook/pythonpath_develop.ps1'
[3.004s] DEBUG:colcon.colcon_core.event_handler.log_command:Invoked command in '/home/som3a-station/prjs/agribot/build/agribotv3' returned '0': DEBUGINFOD_URLS=https://debuginfod.ubuntu.com PYTHONPATH=/home/som3a-station/prjs/agribot/build/agribotv3/prefix_override:/usr/lib/python3/dist-packages/colcon_core/task/python/colcon_distutils_commands:/home/som3a-station/prjs/agribot/install/agribotv3/lib/python3.12/site-packages:${PYTHONPATH} VIRTUAL_ENV_PROMPT=(.venv) /usr/bin/python3 -W ignore:setup.py install is deprecated -W ignore:easy_install command is deprecated setup.py develop --editable --build-directory /home/som3a-station/prjs/agribot/build/agribotv3/build --no-deps symlink_data
[3.005s] INFO:colcon.colcon_core.shell:Creating environment descriptor '/home/som3a-station/prjs/agribot/build/agribotv3/share/agribotv3/hook/pythonpath_develop.dsv'
[3.005s] INFO:colcon.colcon_core.shell:Creating environment hook '/home/som3a-station/prjs/agribot/build/agribotv3/share/agribotv3/hook/pythonpath_develop.sh'
[3.008s] Level 1:colcon.colcon_core.environment:checking '/home/som3a-station/prjs/agribot/install/agribotv3' for CMake module files
[3.008s] Level 1:colcon.colcon_core.environment:checking '/home/som3a-station/prjs/agribot/install/agribotv3' for CMake config files
[3.010s] Level 1:colcon.colcon_core.environment:checking '/home/som3a-station/prjs/agribot/install/agribotv3/lib'
[3.010s] Level 1:colcon.colcon_core.environment:checking '/home/som3a-station/prjs/agribot/install/agribotv3/bin'
[3.010s] Level 1:colcon.colcon_core.environment:checking '/home/som3a-station/prjs/agribot/install/agribotv3/lib/pkgconfig/agribotv3.pc'
[3.010s] Level 1:colcon.colcon_core.environment:checking '/home/som3a-station/prjs/agribot/install/agribotv3/lib/python3.12/site-packages'
[3.011s] Level 1:colcon.colcon_core.shell:create_environment_hook('agribotv3', 'pythonpath')
[3.011s] INFO:colcon.colcon_core.shell:Creating environment hook '/home/som3a-station/prjs/agribot/install/agribotv3/share/agribotv3/hook/pythonpath.ps1'
[3.012s] INFO:colcon.colcon_core.shell:Creating environment descriptor '/home/som3a-station/prjs/agribot/install/agribotv3/share/agribotv3/hook/pythonpath.dsv'
[3.013s] INFO:colcon.colcon_core.shell:Creating environment hook '/home/som3a-station/prjs/agribot/install/agribotv3/share/agribotv3/hook/pythonpath.sh'
[3.016s] Level 1:colcon.colcon_core.environment:checking '/home/som3a-station/prjs/agribot/install/agribotv3/bin'
[3.016s] Level 1:colcon.colcon_core.environment:create_environment_scripts_only(agribotv3)
[3.016s] INFO:colcon.colcon_core.shell:Creating package script '/home/som3a-station/prjs/agribot/install/agribotv3/share/agribotv3/package.ps1'
[3.018s] INFO:colcon.colcon_core.shell:Creating package descriptor '/home/som3a-station/prjs/agribot/install/agribotv3/share/agribotv3/package.dsv'
[3.019s] INFO:colcon.colcon_core.shell:Creating package script '/home/som3a-station/prjs/agribot/install/agribotv3/share/agribotv3/package.sh'
[3.020s] INFO:colcon.colcon_core.shell:Creating package script '/home/som3a-station/prjs/agribot/install/agribotv3/share/agribotv3/package.bash'
[3.021s] INFO:colcon.colcon_core.shell:Creating package script '/home/som3a-station/prjs/agribot/install/agribotv3/share/agribotv3/package.zsh'
[3.025s] Level 1:colcon.colcon_core.environment:create_file_with_runtime_dependencies(/home/som3a-station/prjs/agribot/install/agribotv3/share/colcon-core/packages/agribotv3)
[3.077s] Level 1:colcon.colcon_core.shell:create_environment_hook('agribotv2', 'pythonpath_develop')
[3.077s] INFO:colcon.colcon_core.shell:Creating environment hook '/home/som3a-station/prjs/agribot/build/agribotv2/share/agribotv2/hook/pythonpath_develop.ps1'
[3.077s] DEBUG:colcon.colcon_core.event_handler.log_command:Invoked command in '/home/som3a-station/prjs/agribot/build/agribotv2' returned '0': DEBUGINFOD_URLS=https://debuginfod.ubuntu.com PYTHONPATH=/home/som3a-station/prjs/agribot/build/agribotv2/prefix_override:/usr/lib/python3/dist-packages/colcon_core/task/python/colcon_distutils_commands:/home/som3a-station/prjs/agribot/install/agribotv2/lib/python3.12/site-packages:${PYTHONPATH} VIRTUAL_ENV_PROMPT=(.venv) /usr/bin/python3 -W ignore:setup.py install is deprecated -W ignore:easy_install command is deprecated setup.py develop --editable --build-directory /home/som3a-station/prjs/agribot/build/agribotv2/build --no-deps symlink_data
[3.078s] INFO:colcon.colcon_core.shell:Creating environment descriptor '/home/som3a-station/prjs/agribot/build/agribotv2/share/agribotv2/hook/pythonpath_develop.dsv'
[3.078s] INFO:colcon.colcon_core.shell:Creating environment hook '/home/som3a-station/prjs/agribot/build/agribotv2/share/agribotv2/hook/pythonpath_develop.sh'
[3.079s] Level 1:colcon.colcon_core.environment:checking '/home/som3a-station/prjs/agribot/install/agribotv2' for CMake module files
[3.080s] Level 1:colcon.colcon_core.environment:checking '/home/som3a-station/prjs/agribot/install/agribotv2' for CMake config files
[3.082s] Level 1:colcon.colcon_core.environment:checking '/home/som3a-station/prjs/agribot/install/agribotv2/lib'
[3.082s] Level 1:colcon.colcon_core.environment:checking '/home/som3a-station/prjs/agribot/install/agribotv2/bin'
[3.082s] Level 1:colcon.colcon_core.environment:checking '/home/som3a-station/prjs/agribot/install/agribotv2/lib/pkgconfig/agribotv2.pc'
[3.083s] Level 1:colcon.colcon_core.environment:checking '/home/som3a-station/prjs/agribot/install/agribotv2/lib/python3.12/site-packages'
[3.083s] Level 1:colcon.colcon_core.shell:create_environment_hook('agribotv2', 'pythonpath')
[3.083s] INFO:colcon.colcon_core.shell:Creating environment hook '/home/som3a-station/prjs/agribot/install/agribotv2/share/agribotv2/hook/pythonpath.ps1'
[3.084s] INFO:colcon.colcon_core.shell:Creating environment descriptor '/home/som3a-station/prjs/agribot/install/agribotv2/share/agribotv2/hook/pythonpath.dsv'
[3.084s] INFO:colcon.colcon_core.shell:Creating environment hook '/home/som3a-station/prjs/agribot/install/agribotv2/share/agribotv2/hook/pythonpath.sh'
[3.086s] Level 1:colcon.colcon_core.environment:checking '/home/som3a-station/prjs/agribot/install/agribotv2/bin'
[3.086s] Level 1:colcon.colcon_core.environment:create_environment_scripts_only(agribotv2)
[3.086s] INFO:colcon.colcon_core.shell:Creating package script '/home/som3a-station/prjs/agribot/install/agribotv2/share/agribotv2/package.ps1'
[3.087s] INFO:colcon.colcon_core.shell:Creating package descriptor '/home/som3a-station/prjs/agribot/install/agribotv2/share/agribotv2/package.dsv'
[3.088s] INFO:colcon.colcon_core.shell:Creating package script '/home/som3a-station/prjs/agribot/install/agribotv2/share/agribotv2/package.sh'
[3.088s] INFO:colcon.colcon_core.shell:Creating package script '/home/som3a-station/prjs/agribot/install/agribotv2/share/agribotv2/package.bash'
[3.089s] INFO:colcon.colcon_core.shell:Creating package script '/home/som3a-station/prjs/agribot/install/agribotv2/share/agribotv2/package.zsh'
[3.089s] Level 1:colcon.colcon_core.environment:create_file_with_runtime_dependencies(/home/som3a-station/prjs/agribot/install/agribotv2/share/colcon-core/packages/agribotv2)
[3.090s] DEBUG:colcon.colcon_parallel_executor.executor.parallel:closing loop
[3.090s] DEBUG:colcon.colcon_parallel_executor.executor.parallel:loop closed
[3.090s] DEBUG:colcon.colcon_parallel_executor.executor.parallel:run_until_complete finished with '0'
[3.090s] DEBUG:colcon.colcon_core.event_reactor:joining thread
[3.117s] INFO:colcon.colcon_core.plugin_system:Skipping extension 'colcon_notification.desktop_notification.terminal_notifier': Not used on non-Darwin systems
[3.118s] INFO:colcon.colcon_core.plugin_system:Skipping extension 'colcon_notification.desktop_notification.win32': Not used on non-Windows systems
[3.118s] INFO:colcon.colcon_notification.desktop_notification:Sending desktop notification using 'notify2'
[3.138s] DEBUG:colcon.colcon_core.event_reactor:joined thread
[3.139s] INFO:colcon.colcon_core.shell:Creating prefix script '/home/som3a-station/prjs/agribot/install/local_setup.ps1'
[3.140s] INFO:colcon.colcon_core.shell:Creating prefix util module '/home/som3a-station/prjs/agribot/install/_local_setup_util_ps1.py'
[3.142s] INFO:colcon.colcon_core.shell:Creating prefix chain script '/home/som3a-station/prjs/agribot/install/setup.ps1'
[3.144s] INFO:colcon.colcon_core.shell:Creating prefix script '/home/som3a-station/prjs/agribot/install/local_setup.sh'
[3.145s] INFO:colcon.colcon_core.shell:Creating prefix util module '/home/som3a-station/prjs/agribot/install/_local_setup_util_sh.py'
[3.146s] INFO:colcon.colcon_core.shell:Creating prefix chain script '/home/som3a-station/prjs/agribot/install/setup.sh'
[3.149s] INFO:colcon.colcon_core.shell:Creating prefix script '/home/som3a-station/prjs/agribot/install/local_setup.bash'
[3.149s] INFO:colcon.colcon_core.shell:Creating prefix chain script '/home/som3a-station/prjs/agribot/install/setup.bash'
[3.152s] INFO:colcon.colcon_core.shell:Creating prefix script '/home/som3a-station/prjs/agribot/install/local_setup.zsh'
[3.152s] INFO:colcon.colcon_core.shell:Creating prefix chain script '/home/som3a-station/prjs/agribot/install/setup.zsh'
