[0.544s] DEBUG:colcon:Command line arguments: ['/usr/bin/colcon', 'build', '--packages-select', 'agribotv3']
[0.545s] DEBUG:colcon:Parsed command line arguments: Namespace(log_base=None, log_level=None, verb_name='build', build_base='build', install_base='install', merge_install=False, symlink_install=False, test_result_base=None, continue_on_error=False, executor='parallel', parallel_workers=8, event_handlers=None, ignore_user_meta=False, metas=['./colcon.meta'], base_paths=['.'], packages_ignore=None, packages_ignore_regex=None, paths=None, packages_up_to=None, packages_up_to_regex=None, packages_above=None, packages_above_and_dependencies=None, packages_above_depth=None, packages_select_by_dep=None, packages_skip_by_dep=None, packages_skip_up_to=None, packages_select_build_failed=False, packages_skip_build_finished=False, packages_select_test_failures=False, packages_skip_test_passed=False, packages_select=['agribotv3'], packages_skip=None, packages_select_regex=None, packages_skip_regex=None, packages_start=None, packages_end=None, allow_overriding=[], cmake_args=None, cmake_target=None, cmake_target_skip_unavailable=False, cmake_clean_cache=False, cmake_clean_first=False, cmake_force_configure=False, ament_cmake_args=None, catkin_cmake_args=None, catkin_skip_building_tests=False, mixin_files=None, mixin=None, verb_parser=<colcon_mixin.mixin.mixin_argument.MixinArgumentDecorator object at 0x74c26fdba030>, verb_extension=<colcon_core.verb.build.BuildVerb object at 0x74c26fdb9d60>, main=<bound method BuildVerb.main of <colcon_core.verb.build.BuildVerb object at 0x74c26fdb9d60>>, mixin_verb=('build',))
[0.732s] Level 1:colcon.colcon_core.package_discovery:discover_packages(colcon_meta) check parameters
[0.734s] Level 1:colcon.colcon_core.package_discovery:discover_packages(recursive) check parameters
[0.734s] Level 1:colcon.colcon_core.package_discovery:discover_packages(ignore) check parameters
[0.734s] Level 1:colcon.colcon_core.package_discovery:discover_packages(path) check parameters
[0.734s] Level 1:colcon.colcon_core.package_discovery:discover_packages(colcon_meta) discover
[0.735s] Level 1:colcon.colcon_core.package_discovery:discover_packages(recursive) discover
[0.735s] INFO:colcon.colcon_core.package_discovery:Crawling recursively for packages in '/home/som3a-station/prjs/agribot'
[0.736s] Level 1:colcon.colcon_core.package_identification:_identify(.) by extensions ['ignore', 'ignore_ament_install']
[0.737s] Level 1:colcon.colcon_core.package_identification:_identify(.) by extension 'ignore'
[0.737s] Level 1:colcon.colcon_core.package_identification:_identify(.) by extension 'ignore_ament_install'
[0.738s] Level 1:colcon.colcon_core.package_identification:_identify(.) by extensions ['colcon_pkg']
[0.738s] Level 1:colcon.colcon_core.package_identification:_identify(.) by extension 'colcon_pkg'
[0.738s] Level 1:colcon.colcon_core.package_identification:_identify(.) by extensions ['colcon_meta']
[0.738s] Level 1:colcon.colcon_core.package_identification:_identify(.) by extension 'colcon_meta'
[0.738s] Level 1:colcon.colcon_core.package_identification:_identify(.) by extensions ['ros']
[0.738s] Level 1:colcon.colcon_core.package_identification:_identify(.) by extension 'ros'
[0.853s] Level 1:colcon.colcon_core.package_identification:_identify(.) by extensions ['cmake', 'python']
[0.853s] Level 1:colcon.colcon_core.package_identification:_identify(.) by extension 'cmake'
[0.853s] Level 1:colcon.colcon_core.package_identification:_identify(.) by extension 'python'
[0.853s] Level 1:colcon.colcon_core.package_identification:_identify(.) by extensions ['python_setup_py']
[0.853s] Level 1:colcon.colcon_core.package_identification:_identify(.) by extension 'python_setup_py'
[0.854s] Level 1:colcon.colcon_core.package_identification:_identify(build) by extensions ['ignore', 'ignore_ament_install']
[0.854s] Level 1:colcon.colcon_core.package_identification:_identify(build) by extension 'ignore'
[0.854s] Level 1:colcon.colcon_core.package_identification:_identify(build) ignored
[0.854s] Level 1:colcon.colcon_core.package_identification:_identify(install) by extensions ['ignore', 'ignore_ament_install']
[0.854s] Level 1:colcon.colcon_core.package_identification:_identify(install) by extension 'ignore'
[0.854s] Level 1:colcon.colcon_core.package_identification:_identify(install) ignored
[0.855s] Level 1:colcon.colcon_core.package_identification:_identify(log) by extensions ['ignore', 'ignore_ament_install']
[0.855s] Level 1:colcon.colcon_core.package_identification:_identify(log) by extension 'ignore'
[0.855s] Level 1:colcon.colcon_core.package_identification:_identify(log) ignored
[0.855s] Level 1:colcon.colcon_core.package_identification:_identify(src) by extensions ['ignore', 'ignore_ament_install']
[0.855s] Level 1:colcon.colcon_core.package_identification:_identify(src) by extension 'ignore'
[0.855s] Level 1:colcon.colcon_core.package_identification:_identify(src) by extension 'ignore_ament_install'
[0.855s] Level 1:colcon.colcon_core.package_identification:_identify(src) by extensions ['colcon_pkg']
[0.855s] Level 1:colcon.colcon_core.package_identification:_identify(src) by extension 'colcon_pkg'
[0.855s] Level 1:colcon.colcon_core.package_identification:_identify(src) by extensions ['colcon_meta']
[0.855s] Level 1:colcon.colcon_core.package_identification:_identify(src) by extension 'colcon_meta'
[0.856s] Level 1:colcon.colcon_core.package_identification:_identify(src) by extensions ['ros']
[0.856s] Level 1:colcon.colcon_core.package_identification:_identify(src) by extension 'ros'
[0.856s] Level 1:colcon.colcon_core.package_identification:_identify(src) by extensions ['cmake', 'python']
[0.856s] Level 1:colcon.colcon_core.package_identification:_identify(src) by extension 'cmake'
[0.856s] Level 1:colcon.colcon_core.package_identification:_identify(src) by extension 'python'
[0.856s] Level 1:colcon.colcon_core.package_identification:_identify(src) by extensions ['python_setup_py']
[0.856s] Level 1:colcon.colcon_core.package_identification:_identify(src) by extension 'python_setup_py'
[0.857s] Level 1:colcon.colcon_core.package_identification:_identify(src/agribotv2) by extensions ['ignore', 'ignore_ament_install']
[0.857s] Level 1:colcon.colcon_core.package_identification:_identify(src/agribotv2) by extension 'ignore'
[0.857s] Level 1:colcon.colcon_core.package_identification:_identify(src/agribotv2) by extension 'ignore_ament_install'
[0.857s] Level 1:colcon.colcon_core.package_identification:_identify(src/agribotv2) by extensions ['colcon_pkg']
[0.857s] Level 1:colcon.colcon_core.package_identification:_identify(src/agribotv2) by extension 'colcon_pkg'
[0.857s] Level 1:colcon.colcon_core.package_identification:_identify(src/agribotv2) by extensions ['colcon_meta']
[0.857s] Level 1:colcon.colcon_core.package_identification:_identify(src/agribotv2) by extension 'colcon_meta'
[0.858s] Level 1:colcon.colcon_core.package_identification:_identify(src/agribotv2) by extensions ['ros']
[0.858s] Level 1:colcon.colcon_core.package_identification:_identify(src/agribotv2) by extension 'ros'
[0.869s] DEBUG:colcon.colcon_core.package_identification:Package 'src/agribotv2' with type 'ros.ament_python' and name 'agribotv2'
[0.870s] Level 1:colcon.colcon_core.package_identification:_identify(src/agribotv3) by extensions ['ignore', 'ignore_ament_install']
[0.871s] Level 1:colcon.colcon_core.package_identification:_identify(src/agribotv3) by extension 'ignore'
[0.872s] Level 1:colcon.colcon_core.package_identification:_identify(src/agribotv3) by extension 'ignore_ament_install'
[0.872s] Level 1:colcon.colcon_core.package_identification:_identify(src/agribotv3) by extensions ['colcon_pkg']
[0.873s] Level 1:colcon.colcon_core.package_identification:_identify(src/agribotv3) by extension 'colcon_pkg'
[0.873s] Level 1:colcon.colcon_core.package_identification:_identify(src/agribotv3) by extensions ['colcon_meta']
[0.873s] Level 1:colcon.colcon_core.package_identification:_identify(src/agribotv3) by extension 'colcon_meta'
[0.873s] Level 1:colcon.colcon_core.package_identification:_identify(src/agribotv3) by extensions ['ros']
[0.874s] Level 1:colcon.colcon_core.package_identification:_identify(src/agribotv3) by extension 'ros'
[0.876s] DEBUG:colcon.colcon_core.package_identification:Package 'src/agribotv3' with type 'ros.ament_python' and name 'agribotv3'
[0.877s] Level 1:colcon.colcon_core.package_discovery:discover_packages(recursive) using defaults
[0.877s] Level 1:colcon.colcon_core.package_discovery:discover_packages(ignore) discover
[0.877s] Level 1:colcon.colcon_core.package_discovery:discover_packages(ignore) using defaults
[0.877s] Level 1:colcon.colcon_core.package_discovery:discover_packages(path) discover
[0.877s] Level 1:colcon.colcon_core.package_discovery:discover_packages(path) using defaults
[0.953s] INFO:colcon.colcon_core.package_selection:Skipping not selected package 'agribotv2' in 'src/agribotv2'
[0.956s] Level 1:colcon.colcon_core.package_discovery:discover_packages(prefix_path) check parameters
[0.957s] Level 1:colcon.colcon_core.package_discovery:discover_packages(prefix_path) discover
[0.963s] DEBUG:colcon.colcon_installed_package_information.package_discovery:Found 2 installed packages in /home/som3a-station/prjs/agribot/install
[0.970s] DEBUG:colcon.colcon_installed_package_information.package_discovery:Found 458 installed packages in /opt/ros/jazzy
[0.982s] Level 1:colcon.colcon_core.package_discovery:discover_packages(prefix_path) using defaults
[1.229s] Level 5:colcon.colcon_core.verb:set package 'agribotv3' build argument 'cmake_args' from command line to 'None'
[1.229s] Level 5:colcon.colcon_core.verb:set package 'agribotv3' build argument 'cmake_target' from command line to 'None'
[1.229s] Level 5:colcon.colcon_core.verb:set package 'agribotv3' build argument 'cmake_target_skip_unavailable' from command line to 'False'
[1.229s] Level 5:colcon.colcon_core.verb:set package 'agribotv3' build argument 'cmake_clean_cache' from command line to 'False'
[1.230s] Level 5:colcon.colcon_core.verb:set package 'agribotv3' build argument 'cmake_clean_first' from command line to 'False'
[1.230s] Level 5:colcon.colcon_core.verb:set package 'agribotv3' build argument 'cmake_force_configure' from command line to 'False'
[1.230s] Level 5:colcon.colcon_core.verb:set package 'agribotv3' build argument 'ament_cmake_args' from command line to 'None'
[1.230s] Level 5:colcon.colcon_core.verb:set package 'agribotv3' build argument 'catkin_cmake_args' from command line to 'None'
[1.230s] Level 5:colcon.colcon_core.verb:set package 'agribotv3' build argument 'catkin_skip_building_tests' from command line to 'False'
[1.230s] DEBUG:colcon.colcon_core.verb:Building package 'agribotv3' with the following arguments: {'ament_cmake_args': None, 'build_base': '/home/som3a-station/prjs/agribot/build/agribotv3', 'catkin_cmake_args': None, 'catkin_skip_building_tests': False, 'cmake_args': None, 'cmake_clean_cache': False, 'cmake_clean_first': False, 'cmake_force_configure': False, 'cmake_target': None, 'cmake_target_skip_unavailable': False, 'install_base': '/home/som3a-station/prjs/agribot/install/agribotv3', 'merge_install': False, 'path': '/home/som3a-station/prjs/agribot/src/agribotv3', 'symlink_install': False, 'test_result_base': None}
[1.231s] INFO:colcon.colcon_core.executor:Executing jobs using 'parallel' executor
[1.235s] DEBUG:colcon.colcon_parallel_executor.executor.parallel:run_until_complete
[1.236s] INFO:colcon.colcon_ros.task.ament_python.build:Building ROS package in '/home/som3a-station/prjs/agribot/src/agribotv3' with build type 'ament_python'
[1.237s] Level 1:colcon.colcon_core.shell:create_environment_hook('agribotv3', 'ament_prefix_path')
[1.246s] INFO:colcon.colcon_core.plugin_system:Skipping extension 'colcon_core.shell.bat': Not used on non-Windows systems
[1.246s] INFO:colcon.colcon_core.shell:Creating environment hook '/home/som3a-station/prjs/agribot/install/agribotv3/share/agribotv3/hook/ament_prefix_path.ps1'
[1.248s] INFO:colcon.colcon_core.shell:Creating environment descriptor '/home/som3a-station/prjs/agribot/install/agribotv3/share/agribotv3/hook/ament_prefix_path.dsv'
[1.249s] INFO:colcon.colcon_core.shell:Creating environment hook '/home/som3a-station/prjs/agribot/install/agribotv3/share/agribotv3/hook/ament_prefix_path.sh'
[1.253s] INFO:colcon.colcon_core.shell:Skip shell extension 'powershell' for command environment: Not usable outside of PowerShell
[1.253s] DEBUG:colcon.colcon_core.shell:Skip shell extension 'dsv' for command environment
[2.478s] INFO:colcon.colcon_core.task.python.build:Building Python package in '/home/som3a-station/prjs/agribot/src/agribotv3'
[2.479s] INFO:colcon.colcon_core.shell:Skip shell extension 'powershell' for command environment: Not usable outside of PowerShell
[2.483s] DEBUG:colcon.colcon_core.shell:Skip shell extension 'dsv' for command environment
[5.548s] DEBUG:colcon.colcon_core.event_handler.log_command:Invoking command in '/home/som3a-station/prjs/agribot/src/agribotv3': DEBUGINFOD_URLS=https://debuginfod.ubuntu.com PYTHONPATH=/home/som3a-station/prjs/agribot/build/agribotv3/prefix_override:/usr/lib/python3/dist-packages/colcon_core/task/python/colcon_distutils_commands:/home/som3a-station/prjs/agribot/install/agribotv3/lib/python3.12/site-packages:${PYTHONPATH} /usr/bin/python3 -W ignore:setup.py install is deprecated -W ignore:easy_install command is deprecated setup.py egg_info --egg-base ../../build/agribotv3 build --build-base /home/som3a-station/prjs/agribot/build/agribotv3/build install --record /home/som3a-station/prjs/agribot/build/agribotv3/install.log --single-version-externally-managed install_data
[8.537s] DEBUG:colcon.colcon_core.event_handler.log_command:Invoked command in '/home/som3a-station/prjs/agribot/src/agribotv3' returned '0': DEBUGINFOD_URLS=https://debuginfod.ubuntu.com PYTHONPATH=/home/som3a-station/prjs/agribot/build/agribotv3/prefix_override:/usr/lib/python3/dist-packages/colcon_core/task/python/colcon_distutils_commands:/home/som3a-station/prjs/agribot/install/agribotv3/lib/python3.12/site-packages:${PYTHONPATH} /usr/bin/python3 -W ignore:setup.py install is deprecated -W ignore:easy_install command is deprecated setup.py egg_info --egg-base ../../build/agribotv3 build --build-base /home/som3a-station/prjs/agribot/build/agribotv3/build install --record /home/som3a-station/prjs/agribot/build/agribotv3/install.log --single-version-externally-managed install_data
[8.555s] Level 1:colcon.colcon_core.environment:checking '/home/som3a-station/prjs/agribot/install/agribotv3' for CMake module files
[8.557s] Level 1:colcon.colcon_core.environment:checking '/home/som3a-station/prjs/agribot/install/agribotv3' for CMake config files
[8.560s] Level 1:colcon.colcon_core.environment:checking '/home/som3a-station/prjs/agribot/install/agribotv3/lib'
[8.560s] Level 1:colcon.colcon_core.environment:checking '/home/som3a-station/prjs/agribot/install/agribotv3/bin'
[8.561s] Level 1:colcon.colcon_core.environment:checking '/home/som3a-station/prjs/agribot/install/agribotv3/lib/pkgconfig/agribotv3.pc'
[8.561s] Level 1:colcon.colcon_core.environment:checking '/home/som3a-station/prjs/agribot/install/agribotv3/lib/python3.12/site-packages'
[8.561s] Level 1:colcon.colcon_core.shell:create_environment_hook('agribotv3', 'pythonpath')
[8.562s] INFO:colcon.colcon_core.shell:Creating environment hook '/home/som3a-station/prjs/agribot/install/agribotv3/share/agribotv3/hook/pythonpath.ps1'
[8.562s] INFO:colcon.colcon_core.shell:Creating environment descriptor '/home/som3a-station/prjs/agribot/install/agribotv3/share/agribotv3/hook/pythonpath.dsv'
[8.563s] INFO:colcon.colcon_core.shell:Creating environment hook '/home/som3a-station/prjs/agribot/install/agribotv3/share/agribotv3/hook/pythonpath.sh'
[8.565s] Level 1:colcon.colcon_core.environment:checking '/home/som3a-station/prjs/agribot/install/agribotv3/bin'
[8.565s] Level 1:colcon.colcon_core.environment:create_environment_scripts_only(agribotv3)
[8.567s] INFO:colcon.colcon_core.shell:Creating package script '/home/som3a-station/prjs/agribot/install/agribotv3/share/agribotv3/package.ps1'
[8.572s] INFO:colcon.colcon_core.shell:Creating package descriptor '/home/som3a-station/prjs/agribot/install/agribotv3/share/agribotv3/package.dsv'
[8.580s] INFO:colcon.colcon_core.shell:Creating package script '/home/som3a-station/prjs/agribot/install/agribotv3/share/agribotv3/package.sh'
[8.581s] INFO:colcon.colcon_core.shell:Creating package script '/home/som3a-station/prjs/agribot/install/agribotv3/share/agribotv3/package.bash'
[8.583s] INFO:colcon.colcon_core.shell:Creating package script '/home/som3a-station/prjs/agribot/install/agribotv3/share/agribotv3/package.zsh'
[8.584s] Level 1:colcon.colcon_core.environment:create_file_with_runtime_dependencies(/home/som3a-station/prjs/agribot/install/agribotv3/share/colcon-core/packages/agribotv3)
[8.585s] DEBUG:colcon.colcon_parallel_executor.executor.parallel:closing loop
[8.585s] DEBUG:colcon.colcon_parallel_executor.executor.parallel:loop closed
[8.585s] DEBUG:colcon.colcon_parallel_executor.executor.parallel:run_until_complete finished with '0'
[8.586s] DEBUG:colcon.colcon_core.event_reactor:joining thread
[8.703s] INFO:colcon.colcon_core.plugin_system:Skipping extension 'colcon_notification.desktop_notification.terminal_notifier': Not used on non-Darwin systems
[8.703s] INFO:colcon.colcon_core.plugin_system:Skipping extension 'colcon_notification.desktop_notification.win32': Not used on non-Windows systems
[8.703s] INFO:colcon.colcon_notification.desktop_notification:Sending desktop notification using 'notify2'
[8.815s] DEBUG:colcon.colcon_core.event_reactor:joined thread
[8.815s] INFO:colcon.colcon_core.shell:Creating prefix script '/home/som3a-station/prjs/agribot/install/local_setup.ps1'
[8.817s] INFO:colcon.colcon_core.shell:Creating prefix util module '/home/som3a-station/prjs/agribot/install/_local_setup_util_ps1.py'
[8.843s] INFO:colcon.colcon_core.shell:Creating prefix chain script '/home/som3a-station/prjs/agribot/install/setup.ps1'
[8.875s] INFO:colcon.colcon_core.shell:Creating prefix script '/home/som3a-station/prjs/agribot/install/local_setup.sh'
[8.877s] INFO:colcon.colcon_core.shell:Creating prefix util module '/home/som3a-station/prjs/agribot/install/_local_setup_util_sh.py'
[8.879s] INFO:colcon.colcon_core.shell:Creating prefix chain script '/home/som3a-station/prjs/agribot/install/setup.sh'
[8.891s] INFO:colcon.colcon_core.shell:Creating prefix script '/home/som3a-station/prjs/agribot/install/local_setup.bash'
[8.904s] INFO:colcon.colcon_core.shell:Creating prefix chain script '/home/som3a-station/prjs/agribot/install/setup.bash'
[8.907s] INFO:colcon.colcon_core.shell:Creating prefix script '/home/som3a-station/prjs/agribot/install/local_setup.zsh'
[8.909s] INFO:colcon.colcon_core.shell:Creating prefix chain script '/home/som3a-station/prjs/agribot/install/setup.zsh'
