[1.370s] Invoking command in '/home/som3a-station/prjs/agribot/build/agribotv2': DEBUGINFOD_URLS=https://debuginfod.ubuntu.com PYTHONPATH=/home/som3a-station/prjs/agribot/build/agribotv2/prefix_override:/usr/lib/python3/dist-packages/colcon_core/task/python/colcon_distutils_commands:/home/som3a-station/prjs/agribot/install/agribotv2/lib/python3.12/site-packages:${PYTHONPATH} VIRTUAL_ENV_PROMPT=(.agribot_venv_vision) /usr/bin/python3 -W ignore:setup.py install is deprecated -W ignore:easy_install command is deprecated setup.py develop --editable --build-directory /home/som3a-station/prjs/agribot/build/agribotv2/build --no-deps symlink_data
[1.884s] running develop
[2.223s] running egg_info
[2.268s] writing agribotv2.egg-info/PKG-INFO
[2.269s] writing dependency_links to agribotv2.egg-info/dependency_links.txt
[2.270s] writing entry points to agribotv2.egg-info/entry_points.txt
[2.270s] writing requirements to agribotv2.egg-info/requires.txt
[2.271s] writing top-level names to agribotv2.egg-info/top_level.txt
[2.362s] reading manifest file 'agribotv2.egg-info/SOURCES.txt'
[2.364s] writing manifest file 'agribotv2.egg-info/SOURCES.txt'
[2.457s] running build_ext
[2.458s] Creating /home/som3a-station/prjs/agribot/install/agribotv2/lib/python3.12/site-packages/agribotv2.egg-link (link to .)
[2.458s] Installing csv_to_costmap script to /home/som3a-station/prjs/agribot/install/agribotv2/lib/agribotv2
[2.459s] Installing ground_truth_odom script to /home/som3a-station/prjs/agribot/install/agribotv2/lib/agribotv2
[2.459s] Installing obstacle_avoidance script to /home/som3a-station/prjs/agribot/install/agribotv2/lib/agribotv2
[2.459s] Installing odom_patch script to /home/som3a-station/prjs/agribot/install/agribotv2/lib/agribotv2
[2.459s] Installing odom_to_tf script to /home/som3a-station/prjs/agribot/install/agribotv2/lib/agribotv2
[2.459s] Installing teleop script to /home/som3a-station/prjs/agribot/install/agribotv2/lib/agribotv2
[2.460s] Installing ultrasonic_converter script to /home/som3a-station/prjs/agribot/install/agribotv2/lib/agribotv2
[2.460s] Installing vision_node script to /home/som3a-station/prjs/agribot/install/agribotv2/lib/agribotv2
[2.460s] 
[2.460s] Installed /home/som3a-station/prjs/agribot/build/agribotv2
[2.460s] running symlink_data
[2.513s] Invoked command in '/home/som3a-station/prjs/agribot/build/agribotv2' returned '0': DEBUGINFOD_URLS=https://debuginfod.ubuntu.com PYTHONPATH=/home/som3a-station/prjs/agribot/build/agribotv2/prefix_override:/usr/lib/python3/dist-packages/colcon_core/task/python/colcon_distutils_commands:/home/som3a-station/prjs/agribot/install/agribotv2/lib/python3.12/site-packages:${PYTHONPATH} VIRTUAL_ENV_PROMPT=(.agribot_venv_vision) /usr/bin/python3 -W ignore:setup.py install is deprecated -W ignore:easy_install command is deprecated setup.py develop --editable --build-directory /home/som3a-station/prjs/agribot/build/agribotv2/build --no-deps symlink_data
