[1.645s] Invoking command in '/home/som3a-station/prjs/agribot/build/agribotv2': DEBUGINFOD_URLS=https://debuginfod.ubuntu.com PYTHONPATH=/home/som3a-station/prjs/agribot/build/agribotv2/prefix_override:/usr/lib/python3/dist-packages/colcon_core/task/python/colcon_distutils_commands:/home/som3a-station/prjs/agribot/install/agribotv2/lib/python3.12/site-packages:${PYTHONPATH} VIRTUAL_ENV_PROMPT=(.venv) /usr/bin/python3 -W ignore:setup.py install is deprecated -W ignore:easy_install command is deprecated setup.py develop --editable --build-directory /home/som3a-station/prjs/agribot/build/agribotv2/build --no-deps symlink_data
[2.148s] running develop
[2.484s] running egg_info
[2.510s] writing agribotv2.egg-info/PKG-INFO
[2.511s] writing dependency_links to agribotv2.egg-info/dependency_links.txt
[2.511s] writing entry points to agribotv2.egg-info/entry_points.txt
[2.511s] writing requirements to agribotv2.egg-info/requires.txt
[2.511s] writing top-level names to agribotv2.egg-info/top_level.txt
[2.580s] reading manifest file 'agribotv2.egg-info/SOURCES.txt'
[2.583s] writing manifest file 'agribotv2.egg-info/SOURCES.txt'
[2.679s] running build_ext
[2.679s] Creating /home/som3a-station/prjs/agribot/install/agribotv2/lib/python3.12/site-packages/agribotv2.egg-link (link to .)
[2.679s] Installing csv_to_costmap script to /home/som3a-station/prjs/agribot/install/agribotv2/lib/agribotv2
[2.680s] Installing ground_truth_odom script to /home/som3a-station/prjs/agribot/install/agribotv2/lib/agribotv2
[2.680s] Installing obstacle_avoidance script to /home/som3a-station/prjs/agribot/install/agribotv2/lib/agribotv2
[2.680s] Installing odom_patch script to /home/som3a-station/prjs/agribot/install/agribotv2/lib/agribotv2
[2.681s] Installing odom_to_tf script to /home/som3a-station/prjs/agribot/install/agribotv2/lib/agribotv2
[2.681s] Installing teleop script to /home/som3a-station/prjs/agribot/install/agribotv2/lib/agribotv2
[2.682s] Installing ultrasonic_converter script to /home/som3a-station/prjs/agribot/install/agribotv2/lib/agribotv2
[2.682s] Installing vision_node script to /home/som3a-station/prjs/agribot/install/agribotv2/lib/agribotv2
[2.682s] 
[2.682s] Installed /home/som3a-station/prjs/agribot/build/agribotv2
[2.682s] running symlink_data
[2.745s] Invoked command in '/home/som3a-station/prjs/agribot/build/agribotv2' returned '0': DEBUGINFOD_URLS=https://debuginfod.ubuntu.com PYTHONPATH=/home/som3a-station/prjs/agribot/build/agribotv2/prefix_override:/usr/lib/python3/dist-packages/colcon_core/task/python/colcon_distutils_commands:/home/som3a-station/prjs/agribot/install/agribotv2/lib/python3.12/site-packages:${PYTHONPATH} VIRTUAL_ENV_PROMPT=(.venv) /usr/bin/python3 -W ignore:setup.py install is deprecated -W ignore:easy_install command is deprecated setup.py develop --editable --build-directory /home/som3a-station/prjs/agribot/build/agribotv2/build --no-deps symlink_data
