[2.099s] Invoking command in '/home/som3a-station/prjs/agribot/src/agribotv3': DEBUGINFOD_URLS=https://debuginfod.ubuntu.com PYTHONPATH=/home/som3a-station/prjs/agribot/build/agribotv3/prefix_override:/usr/lib/python3/dist-packages/colcon_core/task/python/colcon_distutils_commands:/home/som3a-station/prjs/agribot/install/agribotv3/lib/python3.12/site-packages:${PYTHONPATH} /usr/bin/python3 -W ignore:setup.py install is deprecated -W ignore:easy_install command is deprecated setup.py egg_info --egg-base ../../build/agribotv3 build --build-base /home/som3a-station/prjs/agribot/build/agribotv3/build install --record /home/som3a-station/prjs/agribot/build/agribotv3/install.log --single-version-externally-managed install_data
[2.632s] running egg_info
[2.668s] writing ../../build/agribotv3/agribotv3.egg-info/PKG-INFO
[2.669s] writing dependency_links to ../../build/agribotv3/agribotv3.egg-info/dependency_links.txt
[2.669s] writing entry points to ../../build/agribotv3/agribotv3.egg-info/entry_points.txt
[2.669s] writing requirements to ../../build/agribotv3/agribotv3.egg-info/requires.txt
[2.669s] writing top-level names to ../../build/agribotv3/agribotv3.egg-info/top_level.txt
[2.744s] reading manifest file '../../build/agribotv3/agribotv3.egg-info/SOURCES.txt'
[2.748s] writing manifest file '../../build/agribotv3/agribotv3.egg-info/SOURCES.txt'
[2.749s] running build
[2.749s] running build_py
[2.750s] copying agribotv3/ground_truth_odom.py -> /home/som3a-station/prjs/agribot/build/agribotv3/build/lib/agribotv3
[2.752s] running install
[2.764s] running install_lib
[2.804s] copying /home/som3a-station/prjs/agribot/build/agribotv3/build/lib/agribotv3/ground_truth_odom.py -> /home/som3a-station/prjs/agribot/install/agribotv3/lib/python3.12/site-packages/agribotv3
[2.805s] byte-compiling /home/som3a-station/prjs/agribot/install/agribotv3/lib/python3.12/site-packages/agribotv3/ground_truth_odom.py to ground_truth_odom.cpython-312.pyc
[2.807s] running install_data
[2.809s] running install_egg_info
[2.853s] removing '/home/som3a-station/prjs/agribot/install/agribotv3/lib/python3.12/site-packages/agribotv3-3.0.0-py3.12.egg-info' (and everything under it)
[2.854s] Copying ../../build/agribotv3/agribotv3.egg-info to /home/som3a-station/prjs/agribot/install/agribotv3/lib/python3.12/site-packages/agribotv3-3.0.0-py3.12.egg-info
[2.856s] running install_scripts
[3.176s] Installing csv_costmap_node script to /home/som3a-station/prjs/agribot/install/agribotv3/lib/agribotv3
[3.176s] Installing ground_truth_odom script to /home/som3a-station/prjs/agribot/install/agribotv3/lib/agribotv3
[3.177s] Installing gui script to /home/som3a-station/prjs/agribot/install/agribotv3/lib/agribotv3
[3.177s] Installing static_map_tf script to /home/som3a-station/prjs/agribot/install/agribotv3/lib/agribotv3
[3.177s] Installing teleop script to /home/som3a-station/prjs/agribot/install/agribotv3/lib/agribotv3
[3.177s] Installing ultrasonic_converter script to /home/som3a-station/prjs/agribot/install/agribotv3/lib/agribotv3
[3.177s] Installing vision_node script to /home/som3a-station/prjs/agribot/install/agribotv3/lib/agribotv3
[3.178s] writing list of installed files to '/home/som3a-station/prjs/agribot/build/agribotv3/install.log'
[3.254s] Invoked command in '/home/som3a-station/prjs/agribot/src/agribotv3' returned '0': DEBUGINFOD_URLS=https://debuginfod.ubuntu.com PYTHONPATH=/home/som3a-station/prjs/agribot/build/agribotv3/prefix_override:/usr/lib/python3/dist-packages/colcon_core/task/python/colcon_distutils_commands:/home/som3a-station/prjs/agribot/install/agribotv3/lib/python3.12/site-packages:${PYTHONPATH} /usr/bin/python3 -W ignore:setup.py install is deprecated -W ignore:easy_install command is deprecated setup.py egg_info --egg-base ../../build/agribotv3 build --build-base /home/som3a-station/prjs/agribot/build/agribotv3/build install --record /home/som3a-station/prjs/agribot/build/agribotv3/install.log --single-version-externally-managed install_data
