running develop
Removing /home/som3a-station/prjs/agribot/install/agribotv3/lib/python3.12/site-packages/agribotv3.egg-link (link to .)
running egg_info
writing ../../build/agribotv3/agribotv3.egg-info/PKG-INFO
writing dependency_links to ../../build/agribotv3/agribotv3.egg-info/dependency_links.txt
writing entry points to ../../build/agribotv3/agribotv3.egg-info/entry_points.txt
writing requirements to ../../build/agribotv3/agribotv3.egg-info/requires.txt
writing top-level names to ../../build/agribotv3/agribotv3.egg-info/top_level.txt
reading manifest file '../../build/agribotv3/agribotv3.egg-info/SOURCES.txt'
writing manifest file '../../build/agribotv3/agribotv3.egg-info/SOURCES.txt'
running build
running build_py
creating /home/som3a-station/prjs/agribot/build/agribotv3/build
creating /home/som3a-station/prjs/agribot/build/agribotv3/build/lib
creating /home/som3a-station/prjs/agribot/build/agribotv3/build/lib/agribotv3
copying agribotv3/__init__.py -> /home/som3a-station/prjs/agribot/build/agribotv3/build/lib/agribotv3
copying agribotv3/vision_node.py -> /home/som3a-station/prjs/agribot/build/agribotv3/build/lib/agribotv3
copying agribotv3/ultrasonic_converter.py -> /home/som3a-station/prjs/agribot/build/agribotv3/build/lib/agribotv3
copying agribotv3/csv_costmap_node.py -> /home/som3a-station/prjs/agribot/build/agribotv3/build/lib/agribotv3
copying agribotv3/static_map_tf.py -> /home/som3a-station/prjs/agribot/build/agribotv3/build/lib/agribotv3
copying agribotv3/teleop.py -> /home/som3a-station/prjs/agribot/build/agribotv3/build/lib/agribotv3
creating /home/som3a-station/prjs/agribot/build/agribotv3/build/lib/agribotv3/gui
copying agribotv3/gui/__init__.py -> /home/som3a-station/prjs/agribot/build/agribotv3/build/lib/agribotv3/gui
copying agribotv3/gui/config.py -> /home/som3a-station/prjs/agribot/build/agribotv3/build/lib/agribotv3/gui
copying agribotv3/gui/database.py -> /home/som3a-station/prjs/agribot/build/agribotv3/build/lib/agribotv3/gui
copying agribotv3/gui/app.py -> /home/som3a-station/prjs/agribot/build/agribotv3/build/lib/agribotv3/gui
copying agribotv3/gui/controller.py -> /home/som3a-station/prjs/agribot/build/agribotv3/build/lib/agribotv3/gui
running install
running install_lib
creating /home/som3a-station/prjs/agribot/install/agribotv3/lib/python3.12/site-packages/agribotv3
copying /home/som3a-station/prjs/agribot/build/agribotv3/build/lib/agribotv3/__init__.py -> /home/som3a-station/prjs/agribot/install/agribotv3/lib/python3.12/site-packages/agribotv3
copying /home/som3a-station/prjs/agribot/build/agribotv3/build/lib/agribotv3/vision_node.py -> /home/som3a-station/prjs/agribot/install/agribotv3/lib/python3.12/site-packages/agribotv3
copying /home/som3a-station/prjs/agribot/build/agribotv3/build/lib/agribotv3/ultrasonic_converter.py -> /home/som3a-station/prjs/agribot/install/agribotv3/lib/python3.12/site-packages/agribotv3
copying /home/som3a-station/prjs/agribot/build/agribotv3/build/lib/agribotv3/csv_costmap_node.py -> /home/som3a-station/prjs/agribot/install/agribotv3/lib/python3.12/site-packages/agribotv3
creating /home/som3a-station/prjs/agribot/install/agribotv3/lib/python3.12/site-packages/agribotv3/gui
copying /home/som3a-station/prjs/agribot/build/agribotv3/build/lib/agribotv3/gui/__init__.py -> /home/som3a-station/prjs/agribot/install/agribotv3/lib/python3.12/site-packages/agribotv3/gui
copying /home/som3a-station/prjs/agribot/build/agribotv3/build/lib/agribotv3/gui/config.py -> /home/som3a-station/prjs/agribot/install/agribotv3/lib/python3.12/site-packages/agribotv3/gui
copying /home/som3a-station/prjs/agribot/build/agribotv3/build/lib/agribotv3/gui/database.py -> /home/som3a-station/prjs/agribot/install/agribotv3/lib/python3.12/site-packages/agribotv3/gui
copying /home/som3a-station/prjs/agribot/build/agribotv3/build/lib/agribotv3/gui/app.py -> /home/som3a-station/prjs/agribot/install/agribotv3/lib/python3.12/site-packages/agribotv3/gui
copying /home/som3a-station/prjs/agribot/build/agribotv3/build/lib/agribotv3/gui/controller.py -> /home/som3a-station/prjs/agribot/install/agribotv3/lib/python3.12/site-packages/agribotv3/gui
copying /home/som3a-station/prjs/agribot/build/agribotv3/build/lib/agribotv3/static_map_tf.py -> /home/som3a-station/prjs/agribot/install/agribotv3/lib/python3.12/site-packages/agribotv3
copying /home/som3a-station/prjs/agribot/build/agribotv3/build/lib/agribotv3/teleop.py -> /home/som3a-station/prjs/agribot/install/agribotv3/lib/python3.12/site-packages/agribotv3
byte-compiling /home/som3a-station/prjs/agribot/install/agribotv3/lib/python3.12/site-packages/agribotv3/__init__.py to __init__.cpython-312.pyc
byte-compiling /home/som3a-station/prjs/agribot/install/agribotv3/lib/python3.12/site-packages/agribotv3/vision_node.py to vision_node.cpython-312.pyc
byte-compiling /home/som3a-station/prjs/agribot/install/agribotv3/lib/python3.12/site-packages/agribotv3/ultrasonic_converter.py to ultrasonic_converter.cpython-312.pyc
byte-compiling /home/som3a-station/prjs/agribot/install/agribotv3/lib/python3.12/site-packages/agribotv3/csv_costmap_node.py to csv_costmap_node.cpython-312.pyc
byte-compiling /home/som3a-station/prjs/agribot/install/agribotv3/lib/python3.12/site-packages/agribotv3/gui/__init__.py to __init__.cpython-312.pyc
byte-compiling /home/som3a-station/prjs/agribot/install/agribotv3/lib/python3.12/site-packages/agribotv3/gui/config.py to config.cpython-312.pyc
byte-compiling /home/som3a-station/prjs/agribot/install/agribotv3/lib/python3.12/site-packages/agribotv3/gui/database.py to database.cpython-312.pyc
byte-compiling /home/som3a-station/prjs/agribot/install/agribotv3/lib/python3.12/site-packages/agribotv3/gui/app.py to app.cpython-312.pyc
byte-compiling /home/som3a-station/prjs/agribot/install/agribotv3/lib/python3.12/site-packages/agribotv3/gui/controller.py to controller.cpython-312.pyc
byte-compiling /home/som3a-station/prjs/agribot/install/agribotv3/lib/python3.12/site-packages/agribotv3/static_map_tf.py to static_map_tf.cpython-312.pyc
byte-compiling /home/som3a-station/prjs/agribot/install/agribotv3/lib/python3.12/site-packages/agribotv3/teleop.py to teleop.cpython-312.pyc
running install_data
copying resource/agribotv3 -> /home/som3a-station/prjs/agribot/install/agribotv3/share/ament_index/resource_index/packages
copying package.xml -> /home/som3a-station/prjs/agribot/install/agribotv3/share/agribotv3
copying launch/full.launch.py -> /home/som3a-station/prjs/agribot/install/agribotv3/share/agribotv3/launch
copying launch/nav.launch.py -> /home/som3a-station/prjs/agribot/install/agribotv3/share/agribotv3/launch
copying launch/sim.launch.py -> /home/som3a-station/prjs/agribot/install/agribotv3/share/agribotv3/launch
copying config/nav2_params.yaml -> /home/som3a-station/prjs/agribot/install/agribotv3/share/agribotv3/config
copying config/ekf.yaml -> /home/som3a-station/prjs/agribot/install/agribotv3/share/agribotv3/config
copying config/rviz/basic_rvizconfig.rviz -> /home/som3a-station/prjs/agribot/install/agribotv3/share/agribotv3/config/rviz
copying data/grid_cells.csv -> /home/som3a-station/prjs/agribot/install/agribotv3/share/agribotv3/data
copying data/soil_scans.csv -> /home/som3a-station/prjs/agribot/install/agribotv3/share/agribotv3/data
copying data/seeds.csv -> /home/som3a-station/prjs/agribot/install/agribotv3/share/agribotv3/data
copying urdf/AgribotURDF7_withsensors.urdf -> /home/som3a-station/prjs/agribot/install/agribotv3/share/agribotv3/urdf
copying urdf/THEBOT/base.xacro -> /home/som3a-station/prjs/agribot/install/agribotv3/share/agribotv3/urdf/THEBOT
copying urdf/THEBOT/robot.xacro -> /home/som3a-station/prjs/agribot/install/agribotv3/share/agribotv3/urdf/THEBOT
copying urdf/THEBOT/sensors.xacro -> /home/som3a-station/prjs/agribot/install/agribotv3/share/agribotv3/urdf/THEBOT
copying urdf/THEBOT/wheels.xacro -> /home/som3a-station/prjs/agribot/install/agribotv3/share/agribotv3/urdf/THEBOT
copying urdf/THEBOT/gazebo_control.xacro -> /home/som3a-station/prjs/agribot/install/agribotv3/share/agribotv3/urdf/THEBOT
copying meshes/Camera.STL -> /home/som3a-station/prjs/agribot/install/agribotv3/share/agribotv3/meshes
copying meshes/base_link.STL -> /home/som3a-station/prjs/agribot/install/agribotv3/share/agribotv3/meshes
copying meshes/Wheel2.STL -> /home/som3a-station/prjs/agribot/install/agribotv3/share/agribotv3/meshes
copying meshes/US4.STL -> /home/som3a-station/prjs/agribot/install/agribotv3/share/agribotv3/meshes
copying meshes/Wheel3.STL -> /home/som3a-station/prjs/agribot/install/agribotv3/share/agribotv3/meshes
copying meshes/US1.STL -> /home/som3a-station/prjs/agribot/install/agribotv3/share/agribotv3/meshes
copying meshes/US2.STL -> /home/som3a-station/prjs/agribot/install/agribotv3/share/agribotv3/meshes
copying meshes/Seeder.STL -> /home/som3a-station/prjs/agribot/install/agribotv3/share/agribotv3/meshes
copying meshes/Wheel1.STL -> /home/som3a-station/prjs/agribot/install/agribotv3/share/agribotv3/meshes
copying meshes/Wheel4.STL -> /home/som3a-station/prjs/agribot/install/agribotv3/share/agribotv3/meshes
copying meshes/US3.STL -> /home/som3a-station/prjs/agribot/install/agribotv3/share/agribotv3/meshes
copying worlds/orchard.sdf -> /home/som3a-station/prjs/agribot/install/agribotv3/share/agribotv3/worlds
copying worlds/farmWith1CropRow.sdf -> /home/som3a-station/prjs/agribot/install/agribotv3/share/agribotv3/worlds
copying worlds/real.sdf -> /home/som3a-station/prjs/agribot/install/agribotv3/share/agribotv3/worlds
copying worlds/farm_textured.sdf -> /home/som3a-station/prjs/agribot/install/agribotv3/share/agribotv3/worlds
copying worlds/real_copy.sdf -> /home/som3a-station/prjs/agribot/install/agribotv3/share/agribotv3/worlds
copying worlds/emptysurroundedWithBoxes.sdf -> /home/som3a-station/prjs/agribot/install/agribotv3/share/agribotv3/worlds
copying worlds/real copy.sdf -> /home/som3a-station/prjs/agribot/install/agribotv3/share/agribotv3/worlds
copying models/big_plant/model.sdf -> /home/som3a-station/prjs/agribot/install/agribotv3/share/agribotv3/models/big_plant
copying models/big_plant/model.config -> /home/som3a-station/prjs/agribot/install/agribotv3/share/agribotv3/models/big_plant
copying models/big_plant/mesh/big_plant.stl -> /home/som3a-station/prjs/agribot/install/agribotv3/share/agribotv3/models/big_plant/mesh
copying models/small_plant/model.sdf -> /home/som3a-station/prjs/agribot/install/agribotv3/share/agribotv3/models/small_plant
copying models/small_plant/model.config -> /home/som3a-station/prjs/agribot/install/agribotv3/share/agribotv3/models/small_plant
copying models/small_plant/mesh/small_plant.stl -> /home/som3a-station/prjs/agribot/install/agribotv3/share/agribotv3/models/small_plant/mesh
copying models/sand_ground/model.config -> /home/som3a-station/prjs/agribot/install/agribotv3/share/agribotv3/models/sand_ground
copying models/sand_ground/textures/sand.jpeg -> /home/som3a-station/prjs/agribot/install/agribotv3/share/agribotv3/models/sand_ground/textures
copying models/sand_ground/scripts/sand.material -> /home/som3a-station/prjs/agribot/install/agribotv3/share/agribotv3/models/sand_ground/scripts
running install_egg_info
Copying ../../build/agribotv3/agribotv3.egg-info to /home/som3a-station/prjs/agribot/install/agribotv3/lib/python3.12/site-packages/agribotv3-3.0.0-py3.12.egg-info
running install_scripts
Installing csv_costmap_node script to /home/som3a-station/prjs/agribot/install/agribotv3/lib/agribotv3
Installing gui script to /home/som3a-station/prjs/agribot/install/agribotv3/lib/agribotv3
Installing static_map_tf script to /home/som3a-station/prjs/agribot/install/agribotv3/lib/agribotv3
Installing teleop script to /home/som3a-station/prjs/agribot/install/agribotv3/lib/agribotv3
Installing ultrasonic_converter script to /home/som3a-station/prjs/agribot/install/agribotv3/lib/agribotv3
Installing vision_node script to /home/som3a-station/prjs/agribot/install/agribotv3/lib/agribotv3
writing list of installed files to '/home/som3a-station/prjs/agribot/build/agribotv3/install.log'
