[1.175s] Invoking command in '/home/som3a-station/prjs/agribot/build/agribotv3': DEBUGINFOD_URLS=https://debuginfod.ubuntu.com PYTHONPATH=/home/som3a-station/prjs/agribot/build/agribotv3/prefix_override:/usr/lib/python3/dist-packages/colcon_core/task/python/colcon_distutils_commands:/home/som3a-station/prjs/agribot/install/agribotv3/lib/python3.12/site-packages: /usr/bin/python3 -W ignore:setup.py install is deprecated -W ignore:easy_install command is deprecated setup.py develop --editable --build-directory /home/som3a-station/prjs/agribot/build/agribotv3/build --no-deps symlink_data
[1.517s] running develop
[1.698s] running egg_info
[1.713s] writing agribotv3.egg-info/PKG-INFO
[1.713s] writing dependency_links to agribotv3.egg-info/dependency_links.txt
[1.714s] writing entry points to agribotv3.egg-info/entry_points.txt
[1.714s] writing requirements to agribotv3.egg-info/requires.txt
[1.715s] writing top-level names to agribotv3.egg-info/top_level.txt
[1.749s] reading manifest file 'agribotv3.egg-info/SOURCES.txt'
[1.751s] writing manifest file 'agribotv3.egg-info/SOURCES.txt'
[1.827s] running build_ext
[1.828s] Creating /home/som3a-station/prjs/agribot/install/agribotv3/lib/python3.12/site-packages/agribotv3.egg-link (link to .)
[1.829s] Installing csv_costmap_node script to /home/som3a-station/prjs/agribot/install/agribotv3/lib/agribotv3
[1.829s] Installing gui script to /home/som3a-station/prjs/agribot/install/agribotv3/lib/agribotv3
[1.829s] Installing static_map_tf script to /home/som3a-station/prjs/agribot/install/agribotv3/lib/agribotv3
[1.830s] Installing teleop script to /home/som3a-station/prjs/agribot/install/agribotv3/lib/agribotv3
[1.830s] Installing ultrasonic_converter script to /home/som3a-station/prjs/agribot/install/agribotv3/lib/agribotv3
[1.830s] Installing vision_node script to /home/som3a-station/prjs/agribot/install/agribotv3/lib/agribotv3
[1.830s] 
[1.831s] Installed /home/som3a-station/prjs/agribot/build/agribotv3
[1.831s] running symlink_data
[1.889s] Invoked command in '/home/som3a-station/prjs/agribot/build/agribotv3' returned '0': DEBUGINFOD_URLS=https://debuginfod.ubuntu.com PYTHONPATH=/home/som3a-station/prjs/agribot/build/agribotv3/prefix_override:/usr/lib/python3/dist-packages/colcon_core/task/python/colcon_distutils_commands:/home/som3a-station/prjs/agribot/install/agribotv3/lib/python3.12/site-packages: /usr/bin/python3 -W ignore:setup.py install is deprecated -W ignore:easy_install command is deprecated setup.py develop --editable --build-directory /home/som3a-station/prjs/agribot/build/agribotv3/build --no-deps symlink_data
