[1.262s] Invoking command in '/home/som3a-station/prjs/agribot/build/agribotv2': DEBUGINFOD_URLS=https://debuginfod.ubuntu.com PYTHONPATH=/home/som3a-station/prjs/agribot/build/agribotv2/prefix_override:/usr/lib/python3/dist-packages/colcon_core/task/python/colcon_distutils_commands:/home/som3a-station/prjs/agribot/install/agribotv2/lib/python3.12/site-packages:${PYTHONPATH} VIRTUAL_ENV_PROMPT=(.agribot_venv_vision) /usr/bin/python3 -W ignore:setup.py install is deprecated -W ignore:easy_install command is deprecated setup.py develop --editable --build-directory /home/som3a-station/prjs/agribot/build/agribotv2/build --no-deps symlink_data --force
[1.753s] running develop
[2.078s] running egg_info
[2.106s] writing agribotv2.egg-info/PKG-INFO
[2.106s] writing dependency_links to agribotv2.egg-info/dependency_links.txt
[2.106s] writing entry points to agribotv2.egg-info/entry_points.txt
[2.107s] writing requirements to agribotv2.egg-info/requires.txt
[2.107s] writing top-level names to agribotv2.egg-info/top_level.txt
[2.176s] reading manifest file 'agribotv2.egg-info/SOURCES.txt'
[2.179s] writing manifest file 'agribotv2.egg-info/SOURCES.txt'
[2.296s] running build_ext
[2.296s] Creating /home/som3a-station/prjs/agribot/install/agribotv2/lib/python3.12/site-packages/agribotv2.egg-link (link to .)
[2.298s] Installing csv_to_costmap script to /home/som3a-station/prjs/agribot/install/agribotv2/lib/agribotv2
[2.300s] Installing ground_truth_odom script to /home/som3a-station/prjs/agribot/install/agribotv2/lib/agribotv2
[2.300s] Installing obstacle_avoidance script to /home/som3a-station/prjs/agribot/install/agribotv2/lib/agribotv2
[2.300s] Installing odom_patch script to /home/som3a-station/prjs/agribot/install/agribotv2/lib/agribotv2
[2.300s] Installing odom_to_tf script to /home/som3a-station/prjs/agribot/install/agribotv2/lib/agribotv2
[2.300s] Installing teleop script to /home/som3a-station/prjs/agribot/install/agribotv2/lib/agribotv2
[2.300s] Installing ultrasonic_converter script to /home/som3a-station/prjs/agribot/install/agribotv2/lib/agribotv2
[2.301s] Installing vision_node script to /home/som3a-station/prjs/agribot/install/agribotv2/lib/agribotv2
[2.301s] 
[2.301s] Installed /home/som3a-station/prjs/agribot/build/agribotv2
[2.301s] running symlink_data
[2.301s] symbolically linking /home/som3a-station/prjs/agribot/build/agribotv2/resource/agribotv2 -> /home/som3a-station/prjs/agribot/install/agribotv2/share/ament_index/resource_index/packages
[2.301s] symbolically linking /home/som3a-station/prjs/agribot/build/agribotv2/package.xml -> /home/som3a-station/prjs/agribot/install/agribotv2/share/agribotv2
[2.302s] symbolically linking /home/som3a-station/prjs/agribot/build/agribotv2/agribotv2/__init__.py -> /home/som3a-station/prjs/agribot/install/agribotv2/share/agribotv2/agribotv2
[2.302s] symbolically linking /home/som3a-station/prjs/agribot/build/agribotv2/agribotv2/vision_node.py -> /home/som3a-station/prjs/agribot/install/agribotv2/share/agribotv2/agribotv2
[2.302s] symbolically linking /home/som3a-station/prjs/agribot/build/agribotv2/agribotv2/odom_patch.py -> /home/som3a-station/prjs/agribot/install/agribotv2/share/agribotv2/agribotv2
[2.302s] symbolically linking /home/som3a-station/prjs/agribot/build/agribotv2/agribotv2/ground_truth_odom.py -> /home/som3a-station/prjs/agribot/install/agribotv2/share/agribotv2/agribotv2
[2.302s] symbolically linking /home/som3a-station/prjs/agribot/build/agribotv2/agribotv2/ultrasonic_converter.py -> /home/som3a-station/prjs/agribot/install/agribotv2/share/agribotv2/agribotv2
[2.303s] symbolically linking /home/som3a-station/prjs/agribot/build/agribotv2/agribotv2/teleop.py -> /home/som3a-station/prjs/agribot/install/agribotv2/share/agribotv2/agribotv2
[2.303s] symbolically linking /home/som3a-station/prjs/agribot/build/agribotv2/agribotv2/obstacle_avoidance.py -> /home/som3a-station/prjs/agribot/install/agribotv2/share/agribotv2/agribotv2
[2.303s] symbolically linking /home/som3a-station/prjs/agribot/build/agribotv2/agribotv2/csv_to_costmap.py -> /home/som3a-station/prjs/agribot/install/agribotv2/share/agribotv2/agribotv2
[2.304s] symbolically linking /home/som3a-station/prjs/agribot/build/agribotv2/agribotv2/odom_to_tf.py -> /home/som3a-station/prjs/agribot/install/agribotv2/share/agribotv2/agribotv2
[2.304s] symbolically linking /home/som3a-station/prjs/agribot/build/agribotv2/launch/agribot_full.launch.py -> /home/som3a-station/prjs/agribot/install/agribotv2/share/agribotv2/launch
[2.304s] symbolically linking /home/som3a-station/prjs/agribot/build/agribotv2/launch/nav2.launch.py -> /home/som3a-station/prjs/agribot/install/agribotv2/share/agribotv2/launch
[2.304s] symbolically linking /home/som3a-station/prjs/agribot/build/agribotv2/launch/display_headless.launch.py -> /home/som3a-station/prjs/agribot/install/agribotv2/share/agribotv2/launch
[2.304s] symbolically linking /home/som3a-station/prjs/agribot/build/agribotv2/launch/display_orchard.launch.py -> /home/som3a-station/prjs/agribot/install/agribotv2/share/agribotv2/launch
[2.304s] symbolically linking /home/som3a-station/prjs/agribot/build/agribotv2/launch/display.launch.py -> /home/som3a-station/prjs/agribot/install/agribotv2/share/agribotv2/launch
[2.304s] symbolically linking /home/som3a-station/prjs/agribot/build/agribotv2/launch/display_agribot_world.launch.py -> /home/som3a-station/prjs/agribot/install/agribotv2/share/agribotv2/launch
[2.305s] symbolically linking /home/som3a-station/prjs/agribot/build/agribotv2/urdf/AgribotURDF7_withsensors.urdf -> /home/som3a-station/prjs/agribot/install/agribotv2/share/agribotv2/urdf
[2.305s] symbolically linking /home/som3a-station/prjs/agribot/build/agribotv2/urdf/THEBOT/base.xacro -> /home/som3a-station/prjs/agribot/install/agribotv2/share/agribotv2/urdf/THEBOT
[2.305s] symbolically linking /home/som3a-station/prjs/agribot/build/agribotv2/urdf/THEBOT/robot.xacro -> /home/som3a-station/prjs/agribot/install/agribotv2/share/agribotv2/urdf/THEBOT
[2.305s] symbolically linking /home/som3a-station/prjs/agribot/build/agribotv2/urdf/THEBOT/sensors.xacro -> /home/som3a-station/prjs/agribot/install/agribotv2/share/agribotv2/urdf/THEBOT
[2.305s] symbolically linking /home/som3a-station/prjs/agribot/build/agribotv2/urdf/THEBOT/wheels.xacro -> /home/som3a-station/prjs/agribot/install/agribotv2/share/agribotv2/urdf/THEBOT
[2.305s] symbolically linking /home/som3a-station/prjs/agribot/build/agribotv2/urdf/THEBOT/gazebo_control.xacro -> /home/som3a-station/prjs/agribot/install/agribotv2/share/agribotv2/urdf/THEBOT
[2.305s] symbolically linking /home/som3a-station/prjs/agribot/build/agribotv2/meshes/Camera.STL -> /home/som3a-station/prjs/agribot/install/agribotv2/share/agribotv2/meshes
[2.305s] symbolically linking /home/som3a-station/prjs/agribot/build/agribotv2/meshes/base_link.STL -> /home/som3a-station/prjs/agribot/install/agribotv2/share/agribotv2/meshes
[2.306s] symbolically linking /home/som3a-station/prjs/agribot/build/agribotv2/meshes/Wheel2.STL -> /home/som3a-station/prjs/agribot/install/agribotv2/share/agribotv2/meshes
[2.306s] symbolically linking /home/som3a-station/prjs/agribot/build/agribotv2/meshes/US4.STL -> /home/som3a-station/prjs/agribot/install/agribotv2/share/agribotv2/meshes
[2.306s] symbolically linking /home/som3a-station/prjs/agribot/build/agribotv2/meshes/Wheel3.STL -> /home/som3a-station/prjs/agribot/install/agribotv2/share/agribotv2/meshes
[2.306s] symbolically linking /home/som3a-station/prjs/agribot/build/agribotv2/meshes/US1.STL -> /home/som3a-station/prjs/agribot/install/agribotv2/share/agribotv2/meshes
[2.306s] symbolically linking /home/som3a-station/prjs/agribot/build/agribotv2/meshes/US2.STL -> /home/som3a-station/prjs/agribot/install/agribotv2/share/agribotv2/meshes
[2.306s] symbolically linking /home/som3a-station/prjs/agribot/build/agribotv2/meshes/Seeder.STL -> /home/som3a-station/prjs/agribot/install/agribotv2/share/agribotv2/meshes
[2.307s] symbolically linking /home/som3a-station/prjs/agribot/build/agribotv2/meshes/Wheel1.STL -> /home/som3a-station/prjs/agribot/install/agribotv2/share/agribotv2/meshes
[2.308s] symbolically linking /home/som3a-station/prjs/agribot/build/agribotv2/meshes/Wheel4.STL -> /home/som3a-station/prjs/agribot/install/agribotv2/share/agribotv2/meshes
[2.308s] symbolically linking /home/som3a-station/prjs/agribot/build/agribotv2/meshes/US3.STL -> /home/som3a-station/prjs/agribot/install/agribotv2/share/agribotv2/meshes
[2.308s] symbolically linking /home/som3a-station/prjs/agribot/build/agribotv2/config/nav2_params.yaml -> /home/som3a-station/prjs/agribot/install/agribotv2/share/agribotv2/config
[2.308s] symbolically linking /home/som3a-station/prjs/agribot/build/agribotv2/config/joint_names_AgribotURDF7_withsensors.yaml -> /home/som3a-station/prjs/agribot/install/agribotv2/share/agribotv2/config
[2.308s] symbolically linking /home/som3a-station/prjs/agribot/build/agribotv2/config/ekf.yaml -> /home/som3a-station/prjs/agribot/install/agribotv2/share/agribotv2/config
[2.309s] symbolically linking /home/som3a-station/prjs/agribot/build/agribotv2/config/ekf_global.yaml -> /home/som3a-station/prjs/agribot/install/agribotv2/share/agribotv2/config
[2.309s] symbolically linking /home/som3a-station/prjs/agribot/build/agribotv2/config/bridge_config.yaml -> /home/som3a-station/prjs/agribot/install/agribotv2/share/agribotv2/config
[2.309s] symbolically linking /home/som3a-station/prjs/agribot/build/agribotv2/config/navsat_transform.yaml -> /home/som3a-station/prjs/agribot/install/agribotv2/share/agribotv2/config
[2.309s] symbolically linking /home/som3a-station/prjs/agribot/build/agribotv2/config/ekf_local.yaml -> /home/som3a-station/prjs/agribot/install/agribotv2/share/agribotv2/config
[2.309s] symbolically linking /home/som3a-station/prjs/agribot/build/agribotv2/config/basic_rvizconfig.rviz -> /home/som3a-station/prjs/agribot/install/agribotv2/share/agribotv2/config
[2.309s] symbolically linking /home/som3a-station/prjs/agribot/build/agribotv2/config/urdf_config.rviz -> /home/som3a-station/prjs/agribot/install/agribotv2/share/agribotv2/config
[2.309s] symbolically linking /home/som3a-station/prjs/agribot/build/agribotv2/worlds/orchard.sdf -> /home/som3a-station/prjs/agribot/install/agribotv2/share/agribotv2/worlds
[2.310s] symbolically linking /home/som3a-station/prjs/agribot/build/agribotv2/worlds/farmWith1CropRow.sdf -> /home/som3a-station/prjs/agribot/install/agribotv2/share/agribotv2/worlds
[2.310s] symbolically linking /home/som3a-station/prjs/agribot/build/agribotv2/worlds/real.sdf -> /home/som3a-station/prjs/agribot/install/agribotv2/share/agribotv2/worlds
[2.310s] symbolically linking /home/som3a-station/prjs/agribot/build/agribotv2/worlds/farm_textured.sdf -> /home/som3a-station/prjs/agribot/install/agribotv2/share/agribotv2/worlds
[2.310s] symbolically linking /home/som3a-station/prjs/agribot/build/agribotv2/worlds/real_copy.sdf -> /home/som3a-station/prjs/agribot/install/agribotv2/share/agribotv2/worlds
[2.311s] symbolically linking /home/som3a-station/prjs/agribot/build/agribotv2/worlds/emptysurroundedWithBoxes.sdf -> /home/som3a-station/prjs/agribot/install/agribotv2/share/agribotv2/worlds
[2.311s] symbolically linking /home/som3a-station/prjs/agribot/build/agribotv2/worlds/real copy.sdf -> /home/som3a-station/prjs/agribot/install/agribotv2/share/agribotv2/worlds
[2.314s] symbolically linking /home/som3a-station/prjs/agribot/build/agribotv2/GUI/map_widget.py -> /home/som3a-station/prjs/agribot/install/agribotv2/share/agribotv2/GUI
[2.314s] symbolically linking /home/som3a-station/prjs/agribot/build/agribotv2/GUI/config.py -> /home/som3a-station/prjs/agribot/install/agribotv2/share/agribotv2/GUI
[2.314s] symbolically linking /home/som3a-station/prjs/agribot/build/agribotv2/GUI/database.py -> /home/som3a-station/prjs/agribot/install/agribotv2/share/agribotv2/GUI
[2.314s] symbolically linking /home/som3a-station/prjs/agribot/build/agribotv2/GUI/vision.py -> /home/som3a-station/prjs/agribot/install/agribotv2/share/agribotv2/GUI
[2.314s] symbolically linking /home/som3a-station/prjs/agribot/build/agribotv2/GUI/dashboard.py -> /home/som3a-station/prjs/agribot/install/agribotv2/share/agribotv2/GUI
[2.314s] symbolically linking /home/som3a-station/prjs/agribot/build/agribotv2/GUI/controller.py -> /home/som3a-station/prjs/agribot/install/agribotv2/share/agribotv2/GUI
[2.315s] symbolically linking /home/som3a-station/prjs/agribot/build/agribotv2/GUI/main.py -> /home/som3a-station/prjs/agribot/install/agribotv2/share/agribotv2/GUI
[2.315s] symbolically linking /home/som3a-station/prjs/agribot/build/agribotv2/GUI/gui.py -> /home/som3a-station/prjs/agribot/install/agribotv2/share/agribotv2/GUI
[2.315s] symbolically linking /home/som3a-station/prjs/agribot/build/agribotv2/GUI/fast_planner.py -> /home/som3a-station/prjs/agribot/install/agribotv2/share/agribotv2/GUI
[2.315s] symbolically linking /home/som3a-station/prjs/agribot/build/agribotv2/GUI/astar.py -> /home/som3a-station/prjs/agribot/install/agribotv2/share/agribotv2/GUI
[2.315s] symbolically linking /home/som3a-station/prjs/agribot/build/agribotv2/GUI/sandbackground.jpg -> /home/som3a-station/prjs/agribot/install/agribotv2/share/agribotv2/GUI
[2.315s] symbolically linking /home/som3a-station/prjs/agribot/build/agribotv2/GUI/farm_data.db -> /home/som3a-station/prjs/agribot/install/agribotv2/share/agribotv2/GUI
[2.315s] symbolically linking /home/som3a-station/prjs/agribot/build/agribotv2/GUI/README.md -> /home/som3a-station/prjs/agribot/install/agribotv2/share/agribotv2/GUI
[2.315s] symbolically linking /home/som3a-station/prjs/agribot/build/agribotv2/GUI/agribot_data/grid_cells.csv -> /home/som3a-station/prjs/agribot/install/agribotv2/share/agribotv2/GUI/agribot_data
[2.316s] symbolically linking /home/som3a-station/prjs/agribot/build/agribotv2/GUI/agribot_data/soil_scans.csv -> /home/som3a-station/prjs/agribot/install/agribotv2/share/agribotv2/GUI/agribot_data
[2.316s] symbolically linking /home/som3a-station/prjs/agribot/build/agribotv2/GUI/agribot_data/seeds.csv -> /home/som3a-station/prjs/agribot/install/agribotv2/share/agribotv2/GUI/agribot_data
[2.317s] symbolically linking /home/som3a-station/prjs/agribot/build/agribotv2/models/big_plant/model.sdf -> /home/som3a-station/prjs/agribot/install/agribotv2/share/agribotv2/models/big_plant
[2.317s] symbolically linking /home/som3a-station/prjs/agribot/build/agribotv2/models/big_plant/model.config -> /home/som3a-station/prjs/agribot/install/agribotv2/share/agribotv2/models/big_plant
[2.320s] symbolically linking /home/som3a-station/prjs/agribot/build/agribotv2/models/big_plant/mesh/big_plant.stl -> /home/som3a-station/prjs/agribot/install/agribotv2/share/agribotv2/models/big_plant/mesh
[2.320s] symbolically linking /home/som3a-station/prjs/agribot/build/agribotv2/models/small_plant/model.sdf -> /home/som3a-station/prjs/agribot/install/agribotv2/share/agribotv2/models/small_plant
[2.320s] symbolically linking /home/som3a-station/prjs/agribot/build/agribotv2/models/small_plant/model.config -> /home/som3a-station/prjs/agribot/install/agribotv2/share/agribotv2/models/small_plant
[2.320s] symbolically linking /home/som3a-station/prjs/agribot/build/agribotv2/models/small_plant/mesh/small_plant.stl -> /home/som3a-station/prjs/agribot/install/agribotv2/share/agribotv2/models/small_plant/mesh
[2.320s] symbolically linking /home/som3a-station/prjs/agribot/build/agribotv2/models/sand_ground/model.config -> /home/som3a-station/prjs/agribot/install/agribotv2/share/agribotv2/models/sand_ground
[2.320s] symbolically linking /home/som3a-station/prjs/agribot/build/agribotv2/models/sand_ground/textures/sand.jpeg -> /home/som3a-station/prjs/agribot/install/agribotv2/share/agribotv2/models/sand_ground/textures
[2.321s] symbolically linking /home/som3a-station/prjs/agribot/build/agribotv2/models/sand_ground/scripts/sand.material -> /home/som3a-station/prjs/agribot/install/agribotv2/share/agribotv2/models/sand_ground/scripts
[2.384s] Invoked command in '/home/som3a-station/prjs/agribot/build/agribotv2' returned '0': DEBUGINFOD_URLS=https://debuginfod.ubuntu.com PYTHONPATH=/home/som3a-station/prjs/agribot/build/agribotv2/prefix_override:/usr/lib/python3/dist-packages/colcon_core/task/python/colcon_distutils_commands:/home/som3a-station/prjs/agribot/install/agribotv2/lib/python3.12/site-packages:${PYTHONPATH} VIRTUAL_ENV_PROMPT=(.agribot_venv_vision) /usr/bin/python3 -W ignore:setup.py install is deprecated -W ignore:easy_install command is deprecated setup.py develop --editable --build-directory /home/som3a-station/prjs/agribot/build/agribotv2/build --no-deps symlink_data --force
