[1.424s] Invoking command in '/home/som3a-station/prjs/agribot/build/agribotv2': DEBUGINFOD_URLS=https://debuginfod.ubuntu.com PYTHONPATH=/home/som3a-station/prjs/agribot/build/agribotv2/prefix_override:/usr/lib/python3/dist-packages/colcon_core/task/python/colcon_distutils_commands:/home/som3a-station/prjs/agribot/install/agribotv2/lib/python3.12/site-packages:${PYTHONPATH} VIRTUAL_ENV_PROMPT=(.agribot_venv_vision) /usr/bin/python3 -W ignore:setup.py install is deprecated -W ignore:easy_install command is deprecated setup.py develop --uninstall --editable --build-directory /home/som3a-station/prjs/agribot/build/agribotv2/build
[1.971s] running develop
[2.363s] Removing /home/som3a-station/prjs/agribot/install/agribotv2/lib/python3.12/site-packages/agribotv2.egg-link (link to .)
[2.407s] Invoked command in '/home/som3a-station/prjs/agribot/build/agribotv2' returned '0': DEBUGINFOD_URLS=https://debuginfod.ubuntu.com PYTHONPATH=/home/som3a-station/prjs/agribot/build/agribotv2/prefix_override:/usr/lib/python3/dist-packages/colcon_core/task/python/colcon_distutils_commands:/home/som3a-station/prjs/agribot/install/agribotv2/lib/python3.12/site-packages:${PYTHONPATH} VIRTUAL_ENV_PROMPT=(.agribot_venv_vision) /usr/bin/python3 -W ignore:setup.py install is deprecated -W ignore:easy_install command is deprecated setup.py develop --uninstall --editable --build-directory /home/som3a-station/prjs/agribot/build/agribotv2/build
[2.409s] Invoking command in '/home/som3a-station/prjs/agribot/src/agribotv2': DEBUGINFOD_URLS=https://debuginfod.ubuntu.com PYTHONPATH=/home/som3a-station/prjs/agribot/build/agribotv2/prefix_override:/usr/lib/python3/dist-packages/colcon_core/task/python/colcon_distutils_commands:/home/som3a-station/prjs/agribot/install/agribotv2/lib/python3.12/site-packages:${PYTHONPATH} VIRTUAL_ENV_PROMPT=(.agribot_venv_vision) /usr/bin/python3 -W ignore:setup.py install is deprecated -W ignore:easy_install command is deprecated setup.py egg_info --egg-base ../../build/agribotv2 build --build-base /home/som3a-station/prjs/agribot/build/agribotv2/build install --record /home/som3a-station/prjs/agribot/build/agribotv2/install.log --single-version-externally-managed install_data --force
[2.826s] running egg_info
[2.865s] writing ../../build/agribotv2/agribotv2.egg-info/PKG-INFO
[2.865s] writing dependency_links to ../../build/agribotv2/agribotv2.egg-info/dependency_links.txt
[2.865s] writing entry points to ../../build/agribotv2/agribotv2.egg-info/entry_points.txt
[2.866s] writing requirements to ../../build/agribotv2/agribotv2.egg-info/requires.txt
[2.866s] writing top-level names to ../../build/agribotv2/agribotv2.egg-info/top_level.txt
[2.928s] reading manifest file '../../build/agribotv2/agribotv2.egg-info/SOURCES.txt'
[2.931s] writing manifest file '../../build/agribotv2/agribotv2.egg-info/SOURCES.txt'
[2.932s] running build
[2.932s] running build_py
[2.932s] creating /home/som3a-station/prjs/agribot/build/agribotv2/build
[2.933s] creating /home/som3a-station/prjs/agribot/build/agribotv2/build/lib
[2.933s] creating /home/som3a-station/prjs/agribot/build/agribotv2/build/lib/agribotv2
[2.933s] copying agribotv2/__init__.py -> /home/som3a-station/prjs/agribot/build/agribotv2/build/lib/agribotv2
[2.933s] copying agribotv2/vision_node.py -> /home/som3a-station/prjs/agribot/build/agribotv2/build/lib/agribotv2
[2.934s] copying agribotv2/odom_patch.py -> /home/som3a-station/prjs/agribot/build/agribotv2/build/lib/agribotv2
[2.934s] copying agribotv2/ground_truth_odom.py -> /home/som3a-station/prjs/agribot/build/agribotv2/build/lib/agribotv2
[2.934s] copying agribotv2/ultrasonic_converter.py -> /home/som3a-station/prjs/agribot/build/agribotv2/build/lib/agribotv2
[2.934s] copying agribotv2/teleop.py -> /home/som3a-station/prjs/agribot/build/agribotv2/build/lib/agribotv2
[2.934s] copying agribotv2/obstacle_avoidance.py -> /home/som3a-station/prjs/agribot/build/agribotv2/build/lib/agribotv2
[2.935s] copying agribotv2/csv_to_costmap.py -> /home/som3a-station/prjs/agribot/build/agribotv2/build/lib/agribotv2
[2.935s] copying agribotv2/odom_to_tf.py -> /home/som3a-station/prjs/agribot/build/agribotv2/build/lib/agribotv2
[2.935s] running install
[2.948s] running install_lib
[2.981s] creating /home/som3a-station/prjs/agribot/install/agribotv2/lib/python3.12/site-packages/agribotv2
[2.982s] copying /home/som3a-station/prjs/agribot/build/agribotv2/build/lib/agribotv2/__init__.py -> /home/som3a-station/prjs/agribot/install/agribotv2/lib/python3.12/site-packages/agribotv2
[2.982s] copying /home/som3a-station/prjs/agribot/build/agribotv2/build/lib/agribotv2/vision_node.py -> /home/som3a-station/prjs/agribot/install/agribotv2/lib/python3.12/site-packages/agribotv2
[2.982s] copying /home/som3a-station/prjs/agribot/build/agribotv2/build/lib/agribotv2/odom_patch.py -> /home/som3a-station/prjs/agribot/install/agribotv2/lib/python3.12/site-packages/agribotv2
[2.982s] copying /home/som3a-station/prjs/agribot/build/agribotv2/build/lib/agribotv2/ground_truth_odom.py -> /home/som3a-station/prjs/agribot/install/agribotv2/lib/python3.12/site-packages/agribotv2
[2.982s] copying /home/som3a-station/prjs/agribot/build/agribotv2/build/lib/agribotv2/ultrasonic_converter.py -> /home/som3a-station/prjs/agribot/install/agribotv2/lib/python3.12/site-packages/agribotv2
[2.982s] copying /home/som3a-station/prjs/agribot/build/agribotv2/build/lib/agribotv2/teleop.py -> /home/som3a-station/prjs/agribot/install/agribotv2/lib/python3.12/site-packages/agribotv2
[2.982s] copying /home/som3a-station/prjs/agribot/build/agribotv2/build/lib/agribotv2/obstacle_avoidance.py -> /home/som3a-station/prjs/agribot/install/agribotv2/lib/python3.12/site-packages/agribotv2
[2.982s] copying /home/som3a-station/prjs/agribot/build/agribotv2/build/lib/agribotv2/csv_to_costmap.py -> /home/som3a-station/prjs/agribot/install/agribotv2/lib/python3.12/site-packages/agribotv2
[2.982s] copying /home/som3a-station/prjs/agribot/build/agribotv2/build/lib/agribotv2/odom_to_tf.py -> /home/som3a-station/prjs/agribot/install/agribotv2/lib/python3.12/site-packages/agribotv2
[2.983s] byte-compiling /home/som3a-station/prjs/agribot/install/agribotv2/lib/python3.12/site-packages/agribotv2/__init__.py to __init__.cpython-312.pyc
[2.983s] byte-compiling /home/som3a-station/prjs/agribot/install/agribotv2/lib/python3.12/site-packages/agribotv2/vision_node.py to vision_node.cpython-312.pyc
[2.987s] byte-compiling /home/som3a-station/prjs/agribot/install/agribotv2/lib/python3.12/site-packages/agribotv2/odom_patch.py to odom_patch.cpython-312.pyc
[2.988s] byte-compiling /home/som3a-station/prjs/agribot/install/agribotv2/lib/python3.12/site-packages/agribotv2/ground_truth_odom.py to ground_truth_odom.cpython-312.pyc
[2.989s] byte-compiling /home/som3a-station/prjs/agribot/install/agribotv2/lib/python3.12/site-packages/agribotv2/ultrasonic_converter.py to ultrasonic_converter.cpython-312.pyc
[2.991s] byte-compiling /home/som3a-station/prjs/agribot/install/agribotv2/lib/python3.12/site-packages/agribotv2/teleop.py to teleop.cpython-312.pyc
[2.992s] byte-compiling /home/som3a-station/prjs/agribot/install/agribotv2/lib/python3.12/site-packages/agribotv2/obstacle_avoidance.py to obstacle_avoidance.cpython-312.pyc
[2.994s] byte-compiling /home/som3a-station/prjs/agribot/install/agribotv2/lib/python3.12/site-packages/agribotv2/csv_to_costmap.py to csv_to_costmap.cpython-312.pyc
[2.995s] byte-compiling /home/som3a-station/prjs/agribot/install/agribotv2/lib/python3.12/site-packages/agribotv2/odom_to_tf.py to odom_to_tf.cpython-312.pyc
[2.996s] running install_data
[2.996s] copying resource/agribotv2 -> /home/som3a-station/prjs/agribot/install/agribotv2/share/ament_index/resource_index/packages
[2.996s] copying package.xml -> /home/som3a-station/prjs/agribot/install/agribotv2/share/agribotv2
[2.996s] copying agribotv2/__init__.py -> /home/som3a-station/prjs/agribot/install/agribotv2/share/agribotv2/agribotv2
[2.997s] copying agribotv2/vision_node.py -> /home/som3a-station/prjs/agribot/install/agribotv2/share/agribotv2/agribotv2
[2.997s] copying agribotv2/odom_patch.py -> /home/som3a-station/prjs/agribot/install/agribotv2/share/agribotv2/agribotv2
[2.997s] copying agribotv2/ground_truth_odom.py -> /home/som3a-station/prjs/agribot/install/agribotv2/share/agribotv2/agribotv2
[2.997s] copying agribotv2/ultrasonic_converter.py -> /home/som3a-station/prjs/agribot/install/agribotv2/share/agribotv2/agribotv2
[2.997s] copying agribotv2/teleop.py -> /home/som3a-station/prjs/agribot/install/agribotv2/share/agribotv2/agribotv2
[2.997s] copying agribotv2/obstacle_avoidance.py -> /home/som3a-station/prjs/agribot/install/agribotv2/share/agribotv2/agribotv2
[2.997s] copying agribotv2/csv_to_costmap.py -> /home/som3a-station/prjs/agribot/install/agribotv2/share/agribotv2/agribotv2
[2.997s] copying agribotv2/odom_to_tf.py -> /home/som3a-station/prjs/agribot/install/agribotv2/share/agribotv2/agribotv2
[2.998s] copying launch/agribot_full.launch.py -> /home/som3a-station/prjs/agribot/install/agribotv2/share/agribotv2/launch
[2.998s] copying launch/nav2.launch.py -> /home/som3a-station/prjs/agribot/install/agribotv2/share/agribotv2/launch
[2.998s] copying launch/display_headless.launch.py -> /home/som3a-station/prjs/agribot/install/agribotv2/share/agribotv2/launch
[2.998s] copying launch/display_orchard.launch.py -> /home/som3a-station/prjs/agribot/install/agribotv2/share/agribotv2/launch
[2.998s] copying launch/display.launch.py -> /home/som3a-station/prjs/agribot/install/agribotv2/share/agribotv2/launch
[2.998s] copying launch/display_agribot_world.launch.py -> /home/som3a-station/prjs/agribot/install/agribotv2/share/agribotv2/launch
[2.998s] copying urdf/AgribotURDF7_withsensors.urdf -> /home/som3a-station/prjs/agribot/install/agribotv2/share/agribotv2/urdf
[2.999s] copying urdf/THEBOT/base.xacro -> /home/som3a-station/prjs/agribot/install/agribotv2/share/agribotv2/urdf/THEBOT
[2.999s] copying urdf/THEBOT/robot.xacro -> /home/som3a-station/prjs/agribot/install/agribotv2/share/agribotv2/urdf/THEBOT
[2.999s] copying urdf/THEBOT/sensors.xacro -> /home/som3a-station/prjs/agribot/install/agribotv2/share/agribotv2/urdf/THEBOT
[2.999s] copying urdf/THEBOT/wheels.xacro -> /home/som3a-station/prjs/agribot/install/agribotv2/share/agribotv2/urdf/THEBOT
[2.999s] copying urdf/THEBOT/gazebo_control.xacro -> /home/som3a-station/prjs/agribot/install/agribotv2/share/agribotv2/urdf/THEBOT
[2.999s] copying meshes/Camera.STL -> /home/som3a-station/prjs/agribot/install/agribotv2/share/agribotv2/meshes
[3.000s] copying meshes/base_link.STL -> /home/som3a-station/prjs/agribot/install/agribotv2/share/agribotv2/meshes
[3.002s] copying meshes/Wheel2.STL -> /home/som3a-station/prjs/agribot/install/agribotv2/share/agribotv2/meshes
[3.005s] copying meshes/US4.STL -> /home/som3a-station/prjs/agribot/install/agribotv2/share/agribotv2/meshes
[3.005s] copying meshes/Wheel3.STL -> /home/som3a-station/prjs/agribot/install/agribotv2/share/agribotv2/meshes
[3.009s] copying meshes/US1.STL -> /home/som3a-station/prjs/agribot/install/agribotv2/share/agribotv2/meshes
[3.009s] copying meshes/US2.STL -> /home/som3a-station/prjs/agribot/install/agribotv2/share/agribotv2/meshes
[3.009s] copying meshes/Seeder.STL -> /home/som3a-station/prjs/agribot/install/agribotv2/share/agribotv2/meshes
[3.010s] copying meshes/Wheel1.STL -> /home/som3a-station/prjs/agribot/install/agribotv2/share/agribotv2/meshes
[3.013s] copying meshes/Wheel4.STL -> /home/som3a-station/prjs/agribot/install/agribotv2/share/agribotv2/meshes
[3.016s] copying meshes/US3.STL -> /home/som3a-station/prjs/agribot/install/agribotv2/share/agribotv2/meshes
[3.017s] copying config/nav2_params.yaml -> /home/som3a-station/prjs/agribot/install/agribotv2/share/agribotv2/config
[3.017s] copying config/joint_names_AgribotURDF7_withsensors.yaml -> /home/som3a-station/prjs/agribot/install/agribotv2/share/agribotv2/config
[3.017s] copying config/ekf.yaml -> /home/som3a-station/prjs/agribot/install/agribotv2/share/agribotv2/config
[3.017s] copying config/ekf_global.yaml -> /home/som3a-station/prjs/agribot/install/agribotv2/share/agribotv2/config
[3.017s] copying config/bridge_config.yaml -> /home/som3a-station/prjs/agribot/install/agribotv2/share/agribotv2/config
[3.018s] copying config/navsat_transform.yaml -> /home/som3a-station/prjs/agribot/install/agribotv2/share/agribotv2/config
[3.018s] copying config/ekf_local.yaml -> /home/som3a-station/prjs/agribot/install/agribotv2/share/agribotv2/config
[3.018s] copying config/basic_rvizconfig.rviz -> /home/som3a-station/prjs/agribot/install/agribotv2/share/agribotv2/config
[3.018s] copying config/urdf_config.rviz -> /home/som3a-station/prjs/agribot/install/agribotv2/share/agribotv2/config
[3.018s] copying worlds/orchard.sdf -> /home/som3a-station/prjs/agribot/install/agribotv2/share/agribotv2/worlds
[3.018s] copying worlds/farmWith1CropRow.sdf -> /home/som3a-station/prjs/agribot/install/agribotv2/share/agribotv2/worlds
[3.019s] copying worlds/real.sdf -> /home/som3a-station/prjs/agribot/install/agribotv2/share/agribotv2/worlds
[3.019s] copying worlds/farm_textured.sdf -> /home/som3a-station/prjs/agribot/install/agribotv2/share/agribotv2/worlds
[3.019s] copying worlds/real_copy.sdf -> /home/som3a-station/prjs/agribot/install/agribotv2/share/agribotv2/worlds
[3.019s] copying worlds/emptysurroundedWithBoxes.sdf -> /home/som3a-station/prjs/agribot/install/agribotv2/share/agribotv2/worlds
[3.019s] copying worlds/real copy.sdf -> /home/som3a-station/prjs/agribot/install/agribotv2/share/agribotv2/worlds
[3.020s] copying GUI/map_widget.py -> /home/som3a-station/prjs/agribot/install/agribotv2/share/agribotv2/GUI
[3.020s] copying GUI/config.py -> /home/som3a-station/prjs/agribot/install/agribotv2/share/agribotv2/GUI
[3.020s] copying GUI/database.py -> /home/som3a-station/prjs/agribot/install/agribotv2/share/agribotv2/GUI
[3.020s] copying GUI/vision.py -> /home/som3a-station/prjs/agribot/install/agribotv2/share/agribotv2/GUI
[3.020s] copying GUI/dashboard.py -> /home/som3a-station/prjs/agribot/install/agribotv2/share/agribotv2/GUI
[3.020s] copying GUI/controller.py -> /home/som3a-station/prjs/agribot/install/agribotv2/share/agribotv2/GUI
[3.021s] copying GUI/main.py -> /home/som3a-station/prjs/agribot/install/agribotv2/share/agribotv2/GUI
[3.021s] copying GUI/gui.py -> /home/som3a-station/prjs/agribot/install/agribotv2/share/agribotv2/GUI
[3.021s] copying GUI/fast_planner.py -> /home/som3a-station/prjs/agribot/install/agribotv2/share/agribotv2/GUI
[3.021s] copying GUI/astar.py -> /home/som3a-station/prjs/agribot/install/agribotv2/share/agribotv2/GUI
[3.021s] copying GUI/sandbackground.jpg -> /home/som3a-station/prjs/agribot/install/agribotv2/share/agribotv2/GUI
[3.021s] copying GUI/farm_data.db -> /home/som3a-station/prjs/agribot/install/agribotv2/share/agribotv2/GUI
[3.022s] copying GUI/README.md -> /home/som3a-station/prjs/agribot/install/agribotv2/share/agribotv2/GUI
[3.022s] copying GUI/agribot_data/grid_cells.csv -> /home/som3a-station/prjs/agribot/install/agribotv2/share/agribotv2/GUI/agribot_data
[3.022s] copying GUI/agribot_data/soil_scans.csv -> /home/som3a-station/prjs/agribot/install/agribotv2/share/agribotv2/GUI/agribot_data
[3.022s] copying GUI/agribot_data/seeds.csv -> /home/som3a-station/prjs/agribot/install/agribotv2/share/agribotv2/GUI/agribot_data
[3.022s] copying models/big_plant/model.sdf -> /home/som3a-station/prjs/agribot/install/agribotv2/share/agribotv2/models/big_plant
[3.022s] copying models/big_plant/model.config -> /home/som3a-station/prjs/agribot/install/agribotv2/share/agribotv2/models/big_plant
[3.023s] copying models/big_plant/mesh/big_plant.stl -> /home/som3a-station/prjs/agribot/install/agribotv2/share/agribotv2/models/big_plant/mesh
[3.023s] copying models/small_plant/model.sdf -> /home/som3a-station/prjs/agribot/install/agribotv2/share/agribotv2/models/small_plant
[3.023s] copying models/small_plant/model.config -> /home/som3a-station/prjs/agribot/install/agribotv2/share/agribotv2/models/small_plant
[3.023s] copying models/small_plant/mesh/small_plant.stl -> /home/som3a-station/prjs/agribot/install/agribotv2/share/agribotv2/models/small_plant/mesh
[3.023s] copying models/sand_ground/model.config -> /home/som3a-station/prjs/agribot/install/agribotv2/share/agribotv2/models/sand_ground
[3.024s] copying models/sand_ground/textures/sand.jpeg -> /home/som3a-station/prjs/agribot/install/agribotv2/share/agribotv2/models/sand_ground/textures
[3.024s] copying models/sand_ground/scripts/sand.material -> /home/som3a-station/prjs/agribot/install/agribotv2/share/agribotv2/models/sand_ground/scripts
[3.024s] running install_egg_info
[3.066s] Copying ../../build/agribotv2/agribotv2.egg-info to /home/som3a-station/prjs/agribot/install/agribotv2/lib/python3.12/site-packages/agribotv2-0.2.0-py3.12.egg-info
[3.067s] running install_scripts
[3.330s] Installing csv_to_costmap script to /home/som3a-station/prjs/agribot/install/agribotv2/lib/agribotv2
[3.331s] Installing ground_truth_odom script to /home/som3a-station/prjs/agribot/install/agribotv2/lib/agribotv2
[3.332s] Installing obstacle_avoidance script to /home/som3a-station/prjs/agribot/install/agribotv2/lib/agribotv2
[3.332s] Installing odom_patch script to /home/som3a-station/prjs/agribot/install/agribotv2/lib/agribotv2
[3.332s] Installing odom_to_tf script to /home/som3a-station/prjs/agribot/install/agribotv2/lib/agribotv2
[3.332s] Installing teleop script to /home/som3a-station/prjs/agribot/install/agribotv2/lib/agribotv2
[3.332s] Installing ultrasonic_converter script to /home/som3a-station/prjs/agribot/install/agribotv2/lib/agribotv2
[3.333s] Installing vision_node script to /home/som3a-station/prjs/agribot/install/agribotv2/lib/agribotv2
[3.333s] writing list of installed files to '/home/som3a-station/prjs/agribot/build/agribotv2/install.log'
[3.386s] Invoked command in '/home/som3a-station/prjs/agribot/src/agribotv2' returned '0': DEBUGINFOD_URLS=https://debuginfod.ubuntu.com PYTHONPATH=/home/som3a-station/prjs/agribot/build/agribotv2/prefix_override:/usr/lib/python3/dist-packages/colcon_core/task/python/colcon_distutils_commands:/home/som3a-station/prjs/agribot/install/agribotv2/lib/python3.12/site-packages:${PYTHONPATH} VIRTUAL_ENV_PROMPT=(.agribot_venv_vision) /usr/bin/python3 -W ignore:setup.py install is deprecated -W ignore:easy_install command is deprecated setup.py egg_info --egg-base ../../build/agribotv2 build --build-base /home/som3a-station/prjs/agribot/build/agribotv2/build install --record /home/som3a-station/prjs/agribot/build/agribotv2/install.log --single-version-externally-managed install_data --force
