[1.350s] Invoking command in '/home/som3a-station/prjs/agribot/build/agribotv3': DEBUGINFOD_URLS=https://debuginfod.ubuntu.com PYTHONPATH=/home/som3a-station/prjs/agribot/build/agribotv3/prefix_override:/usr/lib/python3/dist-packages/colcon_core/task/python/colcon_distutils_commands:/home/som3a-station/prjs/agribot/install/agribotv3/lib/python3.12/site-packages:${PYTHONPATH} VIRTUAL_ENV_PROMPT=(.agribot_venv_vision) /usr/bin/python3 -W ignore:setup.py install is deprecated -W ignore:easy_install command is deprecated setup.py develop --editable --build-directory /home/som3a-station/prjs/agribot/build/agribotv3/build --no-deps symlink_data
[1.861s] running develop
[2.182s] running egg_info
[2.212s] writing agribotv3.egg-info/PKG-INFO
[2.213s] writing dependency_links to agribotv3.egg-info/dependency_links.txt
[2.213s] writing entry points to agribotv3.egg-info/entry_points.txt
[2.213s] writing requirements to agribotv3.egg-info/requires.txt
[2.213s] writing top-level names to agribotv3.egg-info/top_level.txt
[2.273s] reading manifest file 'agribotv3.egg-info/SOURCES.txt'
[2.274s] writing manifest file 'agribotv3.egg-info/SOURCES.txt'
[2.361s] running build_ext
[2.362s] Creating /home/som3a-station/prjs/agribot/install/agribotv3/lib/python3.12/site-packages/agribotv3.egg-link (link to .)
[2.363s] Installing csv_costmap_node script to /home/som3a-station/prjs/agribot/install/agribotv3/lib/agribotv3
[2.363s] Installing gui script to /home/som3a-station/prjs/agribot/install/agribotv3/lib/agribotv3
[2.364s] Installing static_map_tf script to /home/som3a-station/prjs/agribot/install/agribotv3/lib/agribotv3
[2.364s] Installing teleop script to /home/som3a-station/prjs/agribot/install/agribotv3/lib/agribotv3
[2.364s] Installing ultrasonic_converter script to /home/som3a-station/prjs/agribot/install/agribotv3/lib/agribotv3
[2.364s] Installing vision_node script to /home/som3a-station/prjs/agribot/install/agribotv3/lib/agribotv3
[2.364s] 
[2.365s] Installed /home/som3a-station/prjs/agribot/build/agribotv3
[2.365s] running symlink_data
[2.416s] Invoked command in '/home/som3a-station/prjs/agribot/build/agribotv3' returned '0': DEBUGINFOD_URLS=https://debuginfod.ubuntu.com PYTHONPATH=/home/som3a-station/prjs/agribot/build/agribotv3/prefix_override:/usr/lib/python3/dist-packages/colcon_core/task/python/colcon_distutils_commands:/home/som3a-station/prjs/agribot/install/agribotv3/lib/python3.12/site-packages:${PYTHONPATH} VIRTUAL_ENV_PROMPT=(.agribot_venv_vision) /usr/bin/python3 -W ignore:setup.py install is deprecated -W ignore:easy_install command is deprecated setup.py develop --editable --build-directory /home/som3a-station/prjs/agribot/build/agribotv3/build --no-deps symlink_data
